[2026-02-24T11:21:55.749Z] Starting dev server with command: pnpm run dev
[2026-02-24T11:21:56.698Z] 
[2026-02-24T11:21:56.699Z] > app-template@1.0.0 dev /home/ubuntu/sf-admin-quiz
[2026-02-24T11:21:56.700Z] > concurrently -k "pnpm dev:server" "pnpm dev:metro"
[2026-02-24T11:21:56.700Z] 
[2026-02-24T11:21:56.703Z] sh: 1: concurrently: not found
[2026-02-24T11:21:56.705Z] ELIFECYCLE  Command failed.
[2026-02-24T11:21:56.738Z] Dev server exited with code 1
[2026-02-24T11:22:07.979Z] Starting dev server with command: pnpm run dev
[2026-02-24T11:22:08.911Z] 
[2026-02-24T11:22:08.912Z] > app-template@1.0.0 dev /home/ubuntu/sf-admin-quiz
[2026-02-24T11:22:08.912Z] > concurrently -k "pnpm dev:server" "pnpm dev:metro"
[2026-02-24T11:22:08.913Z] 
[2026-02-24T11:22:08.915Z] sh: 1: concurrently: not found
[2026-02-24T11:22:08.917Z] ELIFECYCLE  Command failed.
[2026-02-24T11:22:08.949Z] Dev server exited with code 1
[2026-02-24T11:22:32.685Z] Starting dev server with command: pnpm run dev
[2026-02-24T11:22:33.666Z] 
[2026-02-24T11:22:33.667Z] > app-template@1.0.0 dev /home/ubuntu/sf-admin-quiz
[2026-02-24T11:22:33.667Z] > concurrently -k "pnpm dev:server" "pnpm dev:metro"
[2026-02-24T11:22:33.668Z] 
[2026-02-24T11:22:34.489Z] [1]
[2026-02-24T11:22:34.490Z] [1] > app-template@1.0.0 dev:metro /home/ubuntu/sf-admin-quiz
[2026-02-24T11:22:34.491Z] [1] > cross-env EXPO_USE_METRO_WORKSPACE_ROOT=1 npx expo start --web --port ${EXPO_PORT:-8081}
[2026-02-24T11:22:34.491Z] [1]
[2026-02-24T11:22:34.716Z] [0]
[2026-02-24T11:22:34.717Z] [0] > app-template@1.0.0 dev:server /home/ubuntu/sf-admin-quiz
[2026-02-24T11:22:34.717Z] [0] > cross-env NODE_ENV=development tsx watch server/_core/index.ts
[2026-02-24T11:22:34.717Z] [0]
[2026-02-24T11:22:35.302Z] [1] Starting project at /home/ubuntu/sf-admin-quiz
[2026-02-24T11:22:35.868Z] [1] EXPO_USE_METRO_WORKSPACE_ROOT is enabled by default, use EXPO_NO_METRO_WORKSPACE_ROOT instead to disable.
[2026-02-24T11:22:36.342Z] [1] EXPO_USE_METRO_WORKSPACE_ROOT is enabled by default, use EXPO_NO_METRO_WORKSPACE_ROOT instead to disable.
[2026-02-24T11:22:36.343Z] [1] EXPO_USE_METRO_WORKSPACE_ROOT is enabled by default, use EXPO_NO_METRO_WORKSPACE_ROOT instead to disable.
[2026-02-24T11:22:36.347Z] [1] EXPO_USE_METRO_WORKSPACE_ROOT is enabled by default, use EXPO_NO_METRO_WORKSPACE_ROOT instead to disable.
[2026-02-24T11:22:36.350Z] [1] React Compiler enabled
[2026-02-24T11:22:36.781Z] [1] Starting Metro Bundler
[2026-02-24T11:22:36.844Z] [1] EXPO_USE_METRO_WORKSPACE_ROOT is enabled by default, use EXPO_NO_METRO_WORKSPACE_ROOT instead to disable.
[2026-02-24T11:22:39.081Z] [0] [OAuth] Initialized with baseURL: https://api.manus.im
[2026-02-24T11:22:39.347Z] [0] [api] server listening on port 3000
[2026-02-24T11:22:45.720Z] [1] The following packages should be updated for best compatibility with the installed expo version:
[2026-02-24T11:22:45.722Z] [1]   expo@54.0.29 - expected version: ~54.0.33
[2026-02-24T11:22:45.722Z] [1]   expo-audio@1.1.0 - expected version: ~1.1.1
[2026-02-24T11:22:45.723Z] [1]   expo-constants@18.0.12 - expected version: ~18.0.13
[2026-02-24T11:22:45.723Z] [1]   expo-font@14.0.10 - expected version: ~14.0.11
[2026-02-24T11:22:45.724Z] [1]   expo-linking@8.0.10 - expected version: ~8.0.11
[2026-02-24T11:22:45.724Z] [1]   expo-notifications@0.32.15 - expected version: ~0.32.16
[2026-02-24T11:22:45.725Z] [1]   expo-router@6.0.19 - expected version: ~6.0.23
[2026-02-24T11:22:45.725Z] [1]   expo-splash-screen@31.0.12 - expected version: ~31.0.13
[2026-02-24T11:22:45.725Z] [1]   expo-video@3.0.15 - expected version: ~3.0.16
[2026-02-24T11:22:45.726Z] [1] Your project may not work correctly until you install the expected versions of the packages.
[2026-02-24T11:22:45.735Z] [1] Waiting on http://localhost:8081
[2026-02-24T11:22:45.738Z] [1] Logs for your project will appear below.
[2026-02-24T11:22:57.921Z] [1] EXPO_USE_METRO_WORKSPACE_ROOT is enabled by default, use EXPO_NO_METRO_WORKSPACE_ROOT instead to disable.
[2026-02-24T11:22:58.306Z] [1] iOS node_modules/expo-router/entry.js ░░░░░░░░░░░░░░░░  0.0% (0/1)
[2026-02-24T11:23:01.806Z] [1] iOS node_modules/expo-router/entry.js ▓▓▓░░░░░░░░░░░░░ 24.3% (233/475)
[2026-02-24T11:23:05.315Z] [1] iOS node_modules/expo-router/entry.js ▓▓▓▓▓▓▓░░░░░░░░░ 45.4% (515/764)
[2026-02-24T11:23:08.844Z] [1] iOS node_modules/expo-router/entry.js ▓▓▓▓▓▓▓▓▓░░░░░░░ 61.7% ( 887/1179)
[2026-02-24T11:23:12.387Z] [1] iOS node_modules/expo-router/entry.js ▓▓▓▓▓▓▓▓▓▓▓░░░░░ 74.5% (1150/1332)
[2026-02-24T11:23:15.896Z] [1] iOS node_modules/expo-router/entry.js ▓▓▓▓▓▓▓▓▓▓▓▓▓▓░░ 93.5% (1413/1461)
[2026-02-24T11:23:17.867Z] [1] iOS Bundled 19562ms node_modules/expo-router/entry.js (1627 modules)
[2026-02-24T11:23:20.108Z] [1]  LOG  [useAuth] useEffect triggered, autoFetch: true
[2026-02-24T11:23:20.109Z] [1]  LOG  [useAuth] fetchUser called
[2026-02-24T11:23:20.109Z] [1]  LOG  [useAuth] Fetching user from /api/auth/me...
[2026-02-24T11:23:20.109Z] [1]  LOG  [Auth] Getting session token...
[2026-02-24T11:23:20.110Z] [1]  LOG  [useAuth] State updated: {"error": undefined, "hasUser": false, "isAuthenticated": false, "loading": true}
[2026-02-24T11:23:20.110Z] [1]  LOG  [Auth] Session token retrieved from SecureStore: present (eyJhbGciOiJIUzI1NiIs...)
[2026-02-24T11:23:20.110Z] [1]  LOG  [API] apiCall: {"endpoint": "/api/auth/me", "hasToken": true, "method": "GET"}
[2026-02-24T11:23:20.111Z] [1]  LOG  [API] Authorization header added
[2026-02-24T11:23:20.111Z] [1]  LOG  [API] Full URL: https://3000-ilnnxmr3xe2wqwyh3nqm0-8d1ec246.sg1.manus.computer/api/auth/me
[2026-02-24T11:23:20.164Z] [1]  LOG  [API] Making request...
[2026-02-24T11:23:20.320Z] [0] [Auth] verifySession called with token: eyJhbGciOiJIUzI1NiIsInR5cCI6IkpXVCJ9.eyJvcGVuSWQiO...
[2026-02-24T11:23:20.321Z] [0] [Auth] Secret key obtained
[2026-02-24T11:23:20.325Z] [0] [Auth] JWT verified successfully
[2026-02-24T11:23:20.328Z] [0] [Auth] Payload extracted: {
[2026-02-24T11:23:20.328Z] [0]   openId: 'email_5fe6cfb174127c7bfd7e612ace865d43',
[2026-02-24T11:23:20.329Z] [0]   appId: 'VQL5eys5uVx6Y3Mq382g4p',
[2026-02-24T11:23:20.329Z] [0]   name: ''
[2026-02-24T11:23:20.330Z] [0] }
[2026-02-24T11:23:22.744Z] [1]  LOG  [API] Response status: 200
[2026-02-24T11:23:22.778Z] [1]  LOG  [API] Response headers: {"access-control-allow-credentials": "true", "access-control-allow-headers": "Origin, X-Requested-With, Content-Type, Accept, Authorization", "access-control-allow-methods": "GET, POST, PUT, DELETE, OPTIONS", "content-length": "182", "content-type": "application/json; charset=utf-8", "date": "Tue, 24 Feb 2026 11:23:22 GMT", "etag": "W/\"b6-eqQ+8klyd+zWzZGCaYold910K8w\"", "server": "nginx/1.27.0", "x-e2bp-original-ct": "application/json; charset=utf-8", "x-e2bp-resp-type": "json", "x-powered-by": "Express"}
[2026-02-24T11:23:22.779Z] [1]  LOG  [API] JSON response received
[2026-02-24T11:23:22.779Z] [1]  LOG  [useAuth] API user response: {"email": "kawamoto.yuya.1228@gmail.com", "id": 3, "lastSignedIn": "2026-02-24T11:05:32.000Z", "loginMethod": "email", "name": null, "openId": "email_5fe6cfb174127c7bfd7e612ace865d43"}
[2026-02-24T11:23:22.780Z] [1]  LOG  [useAuth] User authenticated: {"email": "kawamoto.yuya.1228@gmail.com", "id": 3, "lastSignedIn": 2026-02-24T11:05:32.000Z, "loginMethod": "email", "name": null, "openId": "email_5fe6cfb174127c7bfd7e612ace865d43"}
[2026-02-24T11:23:22.849Z] [1]  LOG  [useAuth] fetchUser completed, loading: false
[2026-02-24T11:23:22.883Z] [1]  WARN  Layout children must be of type Screen, all other children are ignored. To use custom children, create a custom <Layout />. Update Layout Route at: "app/_layout"
[2026-02-24T11:23:22.930Z] [1]  LOG  [useAuth] useEffect triggered, autoFetch: true
[2026-02-24T11:23:22.935Z] [0] [Auth] verifySession called with token: eyJhbGciOiJIUzI1NiIsInR5cCI6IkpXVCJ9.eyJvcGVuSWQiO...
[2026-02-24T11:23:22.936Z] [0] [Auth] Secret key obtained
[2026-02-24T11:23:22.936Z] [0] [Auth] JWT verified successfully
[2026-02-24T11:23:22.937Z] [0] [Auth] Payload extracted: {
[2026-02-24T11:23:22.937Z] [0]   openId: 'email_5fe6cfb174127c7bfd7e612ace865d43',
[2026-02-24T11:23:22.937Z] [0]   appId: 'VQL5eys5uVx6Y3Mq382g4p',
[2026-02-24T11:23:22.938Z] [0]   name: ''
[2026-02-24T11:23:22.938Z] [0] }
[2026-02-24T11:23:22.963Z] [1]  LOG  [useAuth] fetchUser called
[2026-02-24T11:23:22.964Z] [1]  LOG  [useAuth] Fetching user from /api/auth/me...
[2026-02-24T11:23:22.965Z] [1]  LOG  [Auth] Getting session token...
[2026-02-24T11:23:22.965Z] [1]  LOG  [useAuth] State updated: {"error": undefined, "hasUser": false, "isAuthenticated": false, "loading": true}
[2026-02-24T11:23:22.965Z] [1]  LOG  [useAuth] State updated: {"error": undefined, "hasUser": true, "isAuthenticated": true, "loading": false}
[2026-02-24T11:23:22.965Z] [1]  LOG  [RootLayout] Auth state changed: {"isAuthenticated": true, "loading": false}
[2026-02-24T11:23:22.966Z] [1]  LOG  [RootLayout] Redirecting to home...
[2026-02-24T11:23:22.966Z] [1]  LOG  [Auth] Session token retrieved from SecureStore: present (eyJhbGciOiJIUzI1NiIs...)
[2026-02-24T11:23:23.014Z] [1]  LOG  [API] apiCall: {"endpoint": "/api/auth/me", "hasToken": true, "method": "GET"}
[2026-02-24T11:23:23.047Z] [1]  LOG  [API] Authorization header added
[2026-02-24T11:23:23.048Z] [1]  LOG  [API] Full URL: https://3000-ilnnxmr3xe2wqwyh3nqm0-8d1ec246.sg1.manus.computer/api/auth/me
[2026-02-24T11:23:23.049Z] [1]  LOG  [API] Making request...
[2026-02-24T11:23:23.484Z] [1]  LOG  [API] Response status: 200
[2026-02-24T11:23:23.518Z] [1]  LOG  [API] Response headers: {"access-control-allow-credentials": "true", "access-control-allow-headers": "Origin, X-Requested-With, Content-Type, Accept, Authorization", "access-control-allow-methods": "GET, POST, PUT, DELETE, OPTIONS", "content-length": "182", "content-type": "application/json; charset=utf-8", "date": "Tue, 24 Feb 2026 11:23:23 GMT", "etag": "W/\"b6-l53lOR3TEh4Y21cW7ESDN/2fK+k\"", "server": "nginx/1.27.0", "x-e2bp-original-ct": "application/json; charset=utf-8", "x-e2bp-resp-type": "json", "x-powered-by": "Express"}
[2026-02-24T11:23:23.518Z] [1]  LOG  [API] JSON response received
[2026-02-24T11:23:23.519Z] [1]  LOG  [useAuth] API user response: {"email": "kawamoto.yuya.1228@gmail.com", "id": 3, "lastSignedIn": "2026-02-24T11:23:20.000Z", "loginMethod": "email", "name": null, "openId": "email_5fe6cfb174127c7bfd7e612ace865d43"}
[2026-02-24T11:23:23.519Z] [1]  LOG  [useAuth] User authenticated: {"email": "kawamoto.yuya.1228@gmail.com", "id": 3, "lastSignedIn": 2026-02-24T11:23:20.000Z, "loginMethod": "email", "name": null, "openId": "email_5fe6cfb174127c7bfd7e612ace865d43"}
[2026-02-24T11:23:23.589Z] [1]  LOG  [useAuth] fetchUser completed, loading: false
[2026-02-24T11:23:23.623Z] [1]  LOG  [useAuth] State updated: {"error": undefined, "hasUser": true, "isAuthenticated": true, "loading": false}
[2026-02-24T11:38:17.698Z] [1] EXPO_USE_METRO_WORKSPACE_ROOT is enabled by default, use EXPO_NO_METRO_WORKSPACE_ROOT instead to disable.
[2026-02-24T11:38:17.700Z] [1] EXPO_USE_METRO_WORKSPACE_ROOT is enabled by default, use EXPO_NO_METRO_WORKSPACE_ROOT instead to disable.
[2026-02-24T11:38:17.709Z] [1] Web node_modules/expo-router/entry.js ░░░░░░░░░░░░░░░░  0.0% (0/1)
[2026-02-24T11:38:21.210Z] [1] Web node_modules/expo-router/entry.js ▓▓▓▓░░░░░░░░░░░░ 25.0% (131/304)
[2026-02-24T11:38:21.211Z] [1] λ node_modules/expo-router/node/render.js ▓▓▓░░░░░░░░░░░░░ 24.0% (164/335)
[2026-02-24T11:38:24.710Z] [1] Web node_modules/expo-router/entry.js ▓▓▓▓▓▓░░░░░░░░░░ 39.7% (387/614)
[2026-02-24T11:38:24.711Z] [1] λ node_modules/expo-router/node/render.js ▓▓▓▓▓▓▓▓░░░░░░░░ 52.1% (456/632)
[2026-02-24T11:38:28.219Z] [1] Web node_modules/expo-router/entry.js ▓▓▓▓▓▓▓░░░░░░░░░ 47.9% (618/893)
[2026-02-24T11:38:28.220Z] [1] λ node_modules/expo-router/node/render.js ▓▓▓▓▓▓▓▓▓░░░░░░░ 61.8% (633/856)
[2026-02-24T11:38:31.730Z] [1] Web node_modules/expo-router/entry.js ▓▓▓▓▓▓▓▓▓▓▓░░░░░ 70.5% ( 880/1048)
[2026-02-24T11:38:31.730Z] [1] λ node_modules/expo-router/node/render.js ▓▓▓▓▓▓▓▓▓▓░░░░░░ 64.7% ( 822/1024)
[2026-02-24T11:38:35.300Z] [1] Web node_modules/expo-router/entry.js ▓▓▓▓▓▓▓▓▓▓▓▓▓░░░ 86.3% (1037/1116)
[2026-02-24T11:38:35.301Z] [1] λ node_modules/expo-router/node/render.js ▓▓▓▓▓▓▓▓▓▓▓▓▓░░░ 84.4% ( 997/1085)
[2026-02-24T11:38:38.531Z] [1] λ Bundled 20820ms node_modules/expo-router/node/render.js (1317 modules)
[2026-02-24T11:38:39.302Z] [1] Web node_modules/expo-router/entry.js ▓▓▓▓▓▓▓▓▓▓▓▓▓▓▓░ 96.8% (1334/1356)
[2026-02-24T11:38:39.311Z] [1] Web Bundled 21602ms node_modules/expo-router/entry.js (1356 modules)
[2026-02-24T11:38:42.846Z] [1] Web node_modules/expo-router/entry.js ▓▓▓▓▓▓▓░░░░░░░░░ 45.6% (345/518)
[2026-02-24T11:38:46.400Z] [1] Web node_modules/expo-router/entry.js ▓▓▓▓▓▓▓▓▓▓▓▓░░░░ 79.0% ( 845/1012)
[2026-02-24T11:38:49.912Z] [1] Web node_modules/expo-router/entry.js ▓▓▓▓▓▓▓▓▓▓▓▓▓▓▓░ 96.2% (1312/1338)
[2026-02-24T11:38:50.548Z] [1] Web Bundled 11160ms node_modules/expo-router/entry.js (1367 modules)
[2026-02-24T11:39:04.689Z] [1] EXPO_USE_METRO_WORKSPACE_ROOT is enabled by default, use EXPO_NO_METRO_WORKSPACE_ROOT instead to disable.
[2026-02-24T11:39:04.692Z] [1] EXPO_USE_METRO_WORKSPACE_ROOT is enabled by default, use EXPO_NO_METRO_WORKSPACE_ROOT instead to disable.
[2026-02-24T11:39:04.695Z] [1] Web node_modules/expo-router/entry.js ░░░░░░░░░░░░░░░░  0.0% (0/1)
[2026-02-24T11:39:04.893Z] [1] λ Bundled 53ms node_modules/expo-router/node/render.js (1 module)
[2026-02-24T11:39:05.103Z] [1] Web Bundled 408ms node_modules/expo-router/entry.js (1 module)
[2026-02-24T11:39:05.513Z] [1] Web Bundled 90ms node_modules/expo-router/entry.js (1 module)
[2026-02-24T11:39:06.826Z] [1]  LOG  [web] Logs will appear in the browser console
[2026-02-24T11:39:07.013Z] [0] [Auth] Missing session cookie
[2026-02-24T11:39:07.019Z] [0] [Auth] /api/auth/me failed: HttpError: Invalid session cookie
[2026-02-24T11:39:07.020Z] [0]     at ForbiddenError (/home/ubuntu/sf-admin-quiz/shared/_core/errors.ts:18:48)
[2026-02-24T11:39:07.021Z] [0]     at SDKServer.authenticateRequest (/home/ubuntu/sf-admin-quiz/server/_core/sdk.ts:253:13)
[2026-02-24T11:39:07.021Z] [0]     at process.processTicksAndRejections (node:internal/process/task_queues:105:5)
[2026-02-24T11:39:07.022Z] [0]     at async <anonymous> (/home/ubuntu/sf-admin-quiz/server/_core/oauth.ts:174:20) {
[2026-02-24T11:39:07.022Z] [0]   statusCode: 403
[2026-02-24T11:39:07.023Z] [0] }
[2026-02-24T11:39:07.375Z] [0] [Auth] Missing session cookie
[2026-02-24T11:39:07.376Z] [0] [Auth] /api/auth/me failed: HttpError: Invalid session cookie
[2026-02-24T11:39:07.376Z] [0]     at ForbiddenError (/home/ubuntu/sf-admin-quiz/shared/_core/errors.ts:18:48)
[2026-02-24T11:39:07.376Z] [0]     at SDKServer.authenticateRequest (/home/ubuntu/sf-admin-quiz/server/_core/sdk.ts:253:13)
[2026-02-24T11:39:07.377Z] [0]     at process.processTicksAndRejections (node:internal/process/task_queues:105:5)
[2026-02-24T11:39:07.377Z] [0]     at async <anonymous> (/home/ubuntu/sf-admin-quiz/server/_core/oauth.ts:174:20) {
[2026-02-24T11:39:07.378Z] [0]   statusCode: 403
[2026-02-24T11:39:07.378Z] [0] }
[2026-02-24T11:39:07.378Z] [0] [Auth] Missing session cookie
[2026-02-24T11:39:07.379Z] [0] [Auth] /api/auth/me failed: HttpError: Invalid session cookie
[2026-02-24T11:39:07.379Z] [0]     at ForbiddenError (/home/ubuntu/sf-admin-quiz/shared/_core/errors.ts:18:48)
[2026-02-24T11:39:07.379Z] [0]     at SDKServer.authenticateRequest (/home/ubuntu/sf-admin-quiz/server/_core/sdk.ts:253:13)
[2026-02-24T11:39:07.379Z] [0]     at process.processTicksAndRejections (node:internal/process/task_queues:105:5)
[2026-02-24T11:39:07.380Z] [0]     at async <anonymous> (/home/ubuntu/sf-admin-quiz/server/_core/oauth.ts:174:20) {
[2026-02-24T11:39:07.380Z] [0]   statusCode: 403
[2026-02-24T11:39:07.380Z] [0] }
[2026-02-24T11:39:34.742Z] [1] EXPO_USE_METRO_WORKSPACE_ROOT is enabled by default, use EXPO_NO_METRO_WORKSPACE_ROOT instead to disable.
[2026-02-24T11:39:34.745Z] [1] EXPO_USE_METRO_WORKSPACE_ROOT is enabled by default, use EXPO_NO_METRO_WORKSPACE_ROOT instead to disable.
[2026-02-24T11:39:34.749Z] [1] Web node_modules/expo-router/entry.js ░░░░░░░░░░░░░░░░  0.0% (0/1)
[2026-02-24T11:39:34.961Z] [1] λ Bundled 70ms node_modules/expo-router/node/render.js (1 module)
[2026-02-24T11:39:35.134Z] [1] Web Bundled 385ms node_modules/expo-router/entry.js (1 module)
[2026-02-24T11:39:35.369Z] [1] Web Bundled 56ms node_modules/expo-router/entry.js (1 module)
[2026-02-24T11:39:36.177Z] [0] [Auth] Missing session cookie
[2026-02-24T11:39:36.179Z] [0] [Auth] /api/auth/me failed: HttpError: Invalid session cookie
[2026-02-24T11:39:36.179Z] [0]     at ForbiddenError (/home/ubuntu/sf-admin-quiz/shared/_core/errors.ts:18:48)
[2026-02-24T11:39:36.179Z] [0]     at SDKServer.authenticateRequest (/home/ubuntu/sf-admin-quiz/server/_core/sdk.ts:253:13)
[2026-02-24T11:39:36.180Z] [0]     at process.processTicksAndRejections (node:internal/process/task_queues:105:5)
[2026-02-24T11:39:36.180Z] [0]     at async <anonymous> (/home/ubuntu/sf-admin-quiz/server/_core/oauth.ts:174:20) {
[2026-02-24T11:39:36.180Z] [0]   statusCode: 403
[2026-02-24T11:39:36.181Z] [0] }
[2026-02-24T11:39:36.352Z] [1]  LOG  [web] Logs will appear in the browser console
[2026-02-24T11:39:36.355Z] [0] [Auth] Missing session cookie
[2026-02-24T11:39:36.355Z] [0] [Auth] /api/auth/me failed: HttpError: Invalid session cookie
[2026-02-24T11:39:36.356Z] [0]     at ForbiddenError (/home/ubuntu/sf-admin-quiz/shared/_core/errors.ts:18:48)
[2026-02-24T11:39:36.356Z] [0]     at SDKServer.authenticateRequest (/home/ubuntu/sf-admin-quiz/server/_core/sdk.ts:253:13)
[2026-02-24T11:39:36.357Z] [0]     at process.processTicksAndRejections (node:internal/process/task_queues:105:5)
[2026-02-24T11:39:36.357Z] [0]     at async <anonymous> (/home/ubuntu/sf-admin-quiz/server/_core/oauth.ts:174:20) {
[2026-02-24T11:39:36.357Z] [0]   statusCode: 403
[2026-02-24T11:39:36.358Z] [0] }
[2026-02-24T11:39:36.385Z] [0] [Auth] Missing session cookie
[2026-02-24T11:39:36.385Z] [0] [Auth] /api/auth/me failed: HttpError: Invalid session cookie
[2026-02-24T11:39:36.386Z] [0]     at ForbiddenError (/home/ubuntu/sf-admin-quiz/shared/_core/errors.ts:18:48)
[2026-02-24T11:39:36.386Z] [0]     at SDKServer.authenticateRequest (/home/ubuntu/sf-admin-quiz/server/_core/sdk.ts:253:13)
[2026-02-24T11:39:36.386Z] [0]     at process.processTicksAndRejections (node:internal/process/task_queues:105:5)
[2026-02-24T11:39:36.387Z] [0]     at async <anonymous> (/home/ubuntu/sf-admin-quiz/server/_core/oauth.ts:174:20) {
[2026-02-24T11:39:36.387Z] [0]   statusCode: 403
[2026-02-24T11:39:36.387Z] [0] }
[2026-02-24T11:40:08.203Z] [1] EXPO_USE_METRO_WORKSPACE_ROOT is enabled by default, use EXPO_NO_METRO_WORKSPACE_ROOT instead to disable.
[2026-02-24T11:40:08.205Z] [1] EXPO_USE_METRO_WORKSPACE_ROOT is enabled by default, use EXPO_NO_METRO_WORKSPACE_ROOT instead to disable.
[2026-02-24T11:40:08.207Z] [1] Web node_modules/expo-router/entry.js ░░░░░░░░░░░░░░░░  0.0% (0/1)
[2026-02-24T11:40:08.432Z] [1] λ Bundled 80ms node_modules/expo-router/node/render.js (1 module)
[2026-02-24T11:40:08.638Z] [1] Web Bundled 431ms node_modules/expo-router/entry.js (1 module)
[2026-02-24T11:40:08.814Z] [1] Web Bundled 103ms node_modules/expo-router/entry.js (1 module)
[2026-02-24T11:40:09.414Z] [1]  LOG  [web] Logs will appear in the browser console
[2026-02-24T11:40:09.891Z] [0] [Auth] Missing session cookie
[2026-02-24T11:40:09.892Z] [0] [Auth] /api/auth/me failed: HttpError: Invalid session cookie
[2026-02-24T11:40:09.893Z] [0]     at ForbiddenError (/home/ubuntu/sf-admin-quiz/shared/_core/errors.ts:18:48)
[2026-02-24T11:40:09.893Z] [0]     at SDKServer.authenticateRequest (/home/ubuntu/sf-admin-quiz/server/_core/sdk.ts:253:13)
[2026-02-24T11:40:09.894Z] [0]     at process.processTicksAndRejections (node:internal/process/task_queues:105:5)
[2026-02-24T11:40:09.894Z] [0]     at async <anonymous> (/home/ubuntu/sf-admin-quiz/server/_core/oauth.ts:174:20) {
[2026-02-24T11:40:09.895Z] [0]   statusCode: 403
[2026-02-24T11:40:09.895Z] [0] }
[2026-02-24T11:40:10.233Z] [0] [Auth] Missing session cookie
[2026-02-24T11:40:10.234Z] [0] [Auth] /api/auth/me failed: HttpError: Invalid session cookie
[2026-02-24T11:40:10.234Z] [0]     at ForbiddenError (/home/ubuntu/sf-admin-quiz/shared/_core/errors.ts:18:48)
[2026-02-24T11:40:10.235Z] [0]     at SDKServer.authenticateRequest (/home/ubuntu/sf-admin-quiz/server/_core/sdk.ts:253:13)
[2026-02-24T11:40:10.235Z] [0]     at process.processTicksAndRejections (node:internal/process/task_queues:105:5)
[2026-02-24T11:40:10.235Z] [0]     at async <anonymous> (/home/ubuntu/sf-admin-quiz/server/_core/oauth.ts:174:20) {
[2026-02-24T11:40:10.236Z] [0]   statusCode: 403
[2026-02-24T11:40:10.237Z] [0] }
[2026-02-24T11:40:10.249Z] [0] [Auth] Missing session cookie
[2026-02-24T11:40:10.251Z] [0] [Auth] /api/auth/me failed: HttpError: Invalid session cookie
[2026-02-24T11:40:10.251Z] [0]     at ForbiddenError (/home/ubuntu/sf-admin-quiz/shared/_core/errors.ts:18:48)
[2026-02-24T11:40:10.252Z] [0]     at SDKServer.authenticateRequest (/home/ubuntu/sf-admin-quiz/server/_core/sdk.ts:253:13)
[2026-02-24T11:40:10.252Z] [0]     at process.processTicksAndRejections (node:internal/process/task_queues:105:5)
[2026-02-24T11:40:10.253Z] [0]     at async <anonymous> (/home/ubuntu/sf-admin-quiz/server/_core/oauth.ts:174:20) {
[2026-02-24T11:40:10.253Z] [0]   statusCode: 403
[2026-02-24T11:40:10.254Z] [0] }
[2026-02-24T11:40:14.838Z] [1] EXPO_USE_METRO_WORKSPACE_ROOT is enabled by default, use EXPO_NO_METRO_WORKSPACE_ROOT instead to disable.
[2026-02-24T11:40:14.839Z] [1] EXPO_USE_METRO_WORKSPACE_ROOT is enabled by default, use EXPO_NO_METRO_WORKSPACE_ROOT instead to disable.
[2026-02-24T11:40:14.839Z] [1] Web node_modules/expo-router/entry.js ░░░░░░░░░░░░░░░░  0.0% (0/1)
[2026-02-24T11:40:15.055Z] [1] λ Bundled 58ms node_modules/expo-router/node/render.js (1 module)
[2026-02-24T11:40:15.265Z] [1] Web Bundled 426ms node_modules/expo-router/entry.js (1 module)
[2026-02-24T11:40:15.484Z] [1] Web Bundled 62ms node_modules/expo-router/entry.js (1 module)
[2026-02-24T11:40:16.275Z] [0] [Auth] Missing session cookie
[2026-02-24T11:40:16.276Z] [0] [Auth] /api/auth/me failed: HttpError: Invalid session cookie
[2026-02-24T11:40:16.276Z] [0]     at ForbiddenError (/home/ubuntu/sf-admin-quiz/shared/_core/errors.ts:18:48)
[2026-02-24T11:40:16.277Z] [0]     at SDKServer.authenticateRequest (/home/ubuntu/sf-admin-quiz/server/_core/sdk.ts:253:13)
[2026-02-24T11:40:16.277Z] [0]     at process.processTicksAndRejections (node:internal/process/task_queues:105:5)
[2026-02-24T11:40:16.278Z] [0]     at async <anonymous> (/home/ubuntu/sf-admin-quiz/server/_core/oauth.ts:174:20) {
[2026-02-24T11:40:16.278Z] [0]   statusCode: 403
[2026-02-24T11:40:16.278Z] [0] }
[2026-02-24T11:40:16.366Z] [1]  LOG  [web] Logs will appear in the browser console
[2026-02-24T11:40:16.504Z] [0] [Auth] Missing session cookie
[2026-02-24T11:40:16.505Z] [0] [Auth] /api/auth/me failed: HttpError: Invalid session cookie
[2026-02-24T11:40:16.506Z] [0]     at ForbiddenError (/home/ubuntu/sf-admin-quiz/shared/_core/errors.ts:18:48)
[2026-02-24T11:40:16.506Z] [0]     at SDKServer.authenticateRequest (/home/ubuntu/sf-admin-quiz/server/_core/sdk.ts:253:13)
[2026-02-24T11:40:16.507Z] [0]     at process.processTicksAndRejections (node:internal/process/task_queues:105:5)
[2026-02-24T11:40:16.507Z] [0]     at async <anonymous> (/home/ubuntu/sf-admin-quiz/server/_core/oauth.ts:174:20) {
[2026-02-24T11:40:16.508Z] [0]   statusCode: 403
[2026-02-24T11:40:16.508Z] [0] }
[2026-02-24T11:40:16.525Z] [0] [Auth] Missing session cookie
[2026-02-24T11:40:16.526Z] [0] [Auth] /api/auth/me failed: HttpError: Invalid session cookie
[2026-02-24T11:40:16.526Z] [0]     at ForbiddenError (/home/ubuntu/sf-admin-quiz/shared/_core/errors.ts:18:48)
[2026-02-24T11:40:16.527Z] [0]     at SDKServer.authenticateRequest (/home/ubuntu/sf-admin-quiz/server/_core/sdk.ts:253:13)
[2026-02-24T11:40:16.527Z] [0]     at process.processTicksAndRejections (node:internal/process/task_queues:105:5)
[2026-02-24T11:40:16.527Z] [0]     at async <anonymous> (/home/ubuntu/sf-admin-quiz/server/_core/oauth.ts:174:20) {
[2026-02-24T11:40:16.528Z] [0]   statusCode: 403
[2026-02-24T11:40:16.528Z] [0] }
[2026-02-24T11:40:31.157Z] Dev server process group stopped
[2026-02-24T11:40:31.165Z] ELIFECYCLE  Command failed.
[2026-02-24T11:40:31.188Z] [1]  ELIFECYCLE  Command failed.
[2026-02-24T11:40:31.189Z] [0]  ELIFECYCLE  Command failed.
[2026-02-24T11:40:31.267Z] [0] 6:40:31 AM [tsx] Previous process hasn't exited yet. Force killing...
[2026-02-24T11:40:31.306Z] [1] pnpm dev:metro exited with code SIGTERM
[2026-02-24T11:40:31.307Z] --> Sending SIGTERM to other processes..
[2026-02-24T11:40:31.311Z] [0] pnpm dev:server exited with code SIGTERM
[2026-02-24T11:40:31.318Z] Dev server exited with code -15
[2026-02-24T11:40:34.190Z] Starting dev server with command: pnpm run dev
[2026-02-24T11:40:35.293Z] 
[2026-02-24T11:40:35.294Z] > app-template@1.0.0 dev /home/ubuntu/sf-admin-quiz
[2026-02-24T11:40:35.295Z] > pnpm dev:metro
[2026-02-24T11:40:35.295Z] 
[2026-02-24T11:40:35.901Z] 
[2026-02-24T11:40:35.902Z] > app-template@1.0.0 dev:metro /home/ubuntu/sf-admin-quiz
[2026-02-24T11:40:35.902Z] > cross-env EXPO_USE_METRO_WORKSPACE_ROOT=1 npx expo start --web --port ${EXPO_PORT:-8081}
[2026-02-24T11:40:35.903Z] 
[2026-02-24T11:40:37.448Z] Starting project at /home/ubuntu/sf-admin-quiz
[2026-02-24T11:40:38.142Z] EXPO_USE_METRO_WORKSPACE_ROOT is enabled by default, use EXPO_NO_METRO_WORKSPACE_ROOT instead to disable.
[2026-02-24T11:40:38.815Z] EXPO_USE_METRO_WORKSPACE_ROOT is enabled by default, use EXPO_NO_METRO_WORKSPACE_ROOT instead to disable.
[2026-02-24T11:40:38.816Z] EXPO_USE_METRO_WORKSPACE_ROOT is enabled by default, use EXPO_NO_METRO_WORKSPACE_ROOT instead to disable.
[2026-02-24T11:40:38.818Z] EXPO_USE_METRO_WORKSPACE_ROOT is enabled by default, use EXPO_NO_METRO_WORKSPACE_ROOT instead to disable.
[2026-02-24T11:40:38.822Z] React Compiler enabled
[2026-02-24T11:40:39.474Z] Starting Metro Bundler
[2026-02-24T11:40:39.531Z] EXPO_USE_METRO_WORKSPACE_ROOT is enabled by default, use EXPO_NO_METRO_WORKSPACE_ROOT instead to disable.
[2026-02-24T11:40:46.976Z] EXPO_USE_METRO_WORKSPACE_ROOT is enabled by default, use EXPO_NO_METRO_WORKSPACE_ROOT instead to disable.
[2026-02-24T11:40:46.979Z] EXPO_USE_METRO_WORKSPACE_ROOT is enabled by default, use EXPO_NO_METRO_WORKSPACE_ROOT instead to disable.
[2026-02-24T11:40:48.204Z] Web node_modules/expo-router/entry.js ░░░░░░░░░░░░░░░░  0.0% (0/1)
[2026-02-24T11:40:48.205Z] λ node_modules/expo-router/node/render.js ░░░░░░░░░░░░░░░░  0.0% (0/1)
[2026-02-24T11:40:51.188Z] λ Bundled 3000ms node_modules/expo-router/node/render.js (1317 modules)
[2026-02-24T11:40:52.008Z] Web node_modules/expo-router/entry.js ▓▓▓▓▓▓▓▓▓▓▓▓▓▓▓░ 99.9% (1365/1365)
[2026-02-24T11:40:52.161Z] Web Bundled 3975ms node_modules/expo-router/entry.js (1365 modules)
[2026-02-24T11:40:53.967Z] The following packages should be updated for best compatibility with the installed expo version:
[2026-02-24T11:40:53.968Z] expo@54.0.29 - expected version: ~54.0.33
[2026-02-24T11:40:53.969Z] expo-audio@1.1.0 - expected version: ~1.1.1
[2026-02-24T11:40:53.969Z] expo-constants@18.0.12 - expected version: ~18.0.13
[2026-02-24T11:40:53.970Z] expo-font@14.0.10 - expected version: ~14.0.11
[2026-02-24T11:40:53.970Z] expo-linking@8.0.10 - expected version: ~8.0.11
[2026-02-24T11:40:53.970Z] expo-notifications@0.32.15 - expected version: ~0.32.16
[2026-02-24T11:40:53.971Z] expo-router@6.0.19 - expected version: ~6.0.23
[2026-02-24T11:40:53.971Z] expo-splash-screen@31.0.12 - expected version: ~31.0.13
[2026-02-24T11:40:53.972Z] expo-video@3.0.15 - expected version: ~3.0.16
[2026-02-24T11:40:53.972Z] Your project may not work correctly until you install the expected versions of the packages.
[2026-02-24T11:40:53.990Z] Waiting on http://localhost:8081
[2026-02-24T11:40:53.991Z] Logs for your project will appear below.
[2026-02-24T11:40:55.328Z] EXPO_USE_METRO_WORKSPACE_ROOT is enabled by default, use EXPO_NO_METRO_WORKSPACE_ROOT instead to disable.
[2026-02-24T11:40:55.330Z] EXPO_USE_METRO_WORKSPACE_ROOT is enabled by default, use EXPO_NO_METRO_WORKSPACE_ROOT instead to disable.
[2026-02-24T11:40:55.517Z] λ Bundled 67ms node_modules/expo-router/node/render.js (1 module)
[2026-02-24T11:40:55.923Z] Web Bundled 590ms node_modules/expo-router/entry.js (1 module)
[2026-02-24T11:40:57.138Z] Web Bundled 1144ms node_modules/expo-router/entry.js (1367 modules)
[2026-02-24T11:40:57.673Z] LOG  [web] Logs will appear in the browser console
[2026-02-24T11:41:42.124Z] EXPO_USE_METRO_WORKSPACE_ROOT is enabled by default, use EXPO_NO_METRO_WORKSPACE_ROOT instead to disable.
[2026-02-24T11:41:42.127Z] EXPO_USE_METRO_WORKSPACE_ROOT is enabled by default, use EXPO_NO_METRO_WORKSPACE_ROOT instead to disable.
[2026-02-24T11:41:42.132Z] Web node_modules/expo-router/entry.js ░░░░░░░░░░░░░░░░  0.0% (0/1)
[2026-02-24T11:41:42.358Z] λ Bundled 78ms node_modules/expo-router/node/render.js (1 module)
[2026-02-24T11:41:42.646Z] Web Bundled 514ms node_modules/expo-router/entry.js (1 module)
[2026-02-24T11:41:42.833Z] Web Bundled 97ms node_modules/expo-router/entry.js (1 module)
[2026-02-24T11:41:43.401Z] LOG  [web] Logs will appear in the browser console
[2026-02-24T11:42:24.060Z] EXPO_USE_METRO_WORKSPACE_ROOT is enabled by default, use EXPO_NO_METRO_WORKSPACE_ROOT instead to disable.
[2026-02-24T11:42:24.063Z] EXPO_USE_METRO_WORKSPACE_ROOT is enabled by default, use EXPO_NO_METRO_WORKSPACE_ROOT instead to disable.
[2026-02-24T11:42:24.066Z] Web node_modules/expo-router/entry.js ░░░░░░░░░░░░░░░░  0.0% (0/1)
[2026-02-24T11:42:24.284Z] λ Bundled 70ms node_modules/expo-router/node/render.js (1 module)
[2026-02-24T11:42:24.550Z] Web Bundled 485ms node_modules/expo-router/entry.js (1 module)
[2026-02-24T11:42:24.700Z] Web Bundled 77ms node_modules/expo-router/entry.js (1 module)
[2026-02-24T11:42:25.174Z] LOG  [web] Logs will appear in the browser console
[2026-02-24T11:42:39.393Z] EXPO_USE_METRO_WORKSPACE_ROOT is enabled by default, use EXPO_NO_METRO_WORKSPACE_ROOT instead to disable.
[2026-02-24T11:42:39.395Z] EXPO_USE_METRO_WORKSPACE_ROOT is enabled by default, use EXPO_NO_METRO_WORKSPACE_ROOT instead to disable.
[2026-02-24T11:42:39.397Z] Web node_modules/expo-router/entry.js ░░░░░░░░░░░░░░░░  0.0% (0/1)
[2026-02-24T11:42:39.593Z] λ Bundled 60ms node_modules/expo-router/node/render.js (1 module)
[2026-02-24T11:42:39.779Z] Web Bundled 382ms node_modules/expo-router/entry.js (1 module)
[2026-02-24T11:42:40.077Z] Web Bundled 57ms node_modules/expo-router/entry.js (1 module)
[2026-02-24T11:42:41.045Z] LOG  [web] Logs will appear in the browser console
[2026-02-24T11:44:51.955Z] Dev server process group stopped
[2026-02-24T11:44:51.959Z] ELIFECYCLE  Command failed.
[2026-02-24T11:44:51.961Z] ELIFECYCLE  Command failed.
[2026-02-24T11:44:52.040Z] Dev server exited with code -15
[2026-02-24T11:44:54.983Z] Starting dev server with command: pnpm run dev
[2026-02-24T11:44:55.972Z] 
[2026-02-24T11:44:55.973Z] > app-template@1.0.0 dev /home/ubuntu/sf-admin-quiz
[2026-02-24T11:44:55.973Z] > pnpm dev:metro
[2026-02-24T11:44:55.974Z] 
[2026-02-24T11:44:56.674Z] 
[2026-02-24T11:44:56.674Z] > app-template@1.0.0 dev:metro /home/ubuntu/sf-admin-quiz
[2026-02-24T11:44:56.675Z] > cross-env EXPO_USE_METRO_WORKSPACE_ROOT=1 npx expo start --web --port ${EXPO_PORT:-8081}
[2026-02-24T11:44:56.675Z] 
[2026-02-24T11:44:57.373Z] Starting project at /home/ubuntu/sf-admin-quiz
[2026-02-24T11:44:57.894Z] EXPO_USE_METRO_WORKSPACE_ROOT is enabled by default, use EXPO_NO_METRO_WORKSPACE_ROOT instead to disable.
[2026-02-24T11:44:58.361Z] EXPO_USE_METRO_WORKSPACE_ROOT is enabled by default, use EXPO_NO_METRO_WORKSPACE_ROOT instead to disable.
[2026-02-24T11:44:58.362Z] EXPO_USE_METRO_WORKSPACE_ROOT is enabled by default, use EXPO_NO_METRO_WORKSPACE_ROOT instead to disable.
[2026-02-24T11:44:58.363Z] EXPO_USE_METRO_WORKSPACE_ROOT is enabled by default, use EXPO_NO_METRO_WORKSPACE_ROOT instead to disable.
[2026-02-24T11:44:58.367Z] React Compiler enabled
[2026-02-24T11:44:58.782Z] Starting Metro Bundler
[2026-02-24T11:44:58.844Z] EXPO_USE_METRO_WORKSPACE_ROOT is enabled by default, use EXPO_NO_METRO_WORKSPACE_ROOT instead to disable.
[2026-02-24T11:45:06.690Z] The following packages should be updated for best compatibility with the installed expo version:
[2026-02-24T11:45:06.692Z] expo@54.0.29 - expected version: ~54.0.33
[2026-02-24T11:45:06.692Z] expo-audio@1.1.0 - expected version: ~1.1.1
[2026-02-24T11:45:06.693Z] expo-constants@18.0.12 - expected version: ~18.0.13
[2026-02-24T11:45:06.693Z] expo-font@14.0.10 - expected version: ~14.0.11
[2026-02-24T11:45:06.693Z] expo-linking@8.0.10 - expected version: ~8.0.11
[2026-02-24T11:45:06.694Z] expo-notifications@0.32.15 - expected version: ~0.32.16
[2026-02-24T11:45:06.694Z] expo-router@6.0.19 - expected version: ~6.0.23
[2026-02-24T11:45:06.695Z] expo-splash-screen@31.0.12 - expected version: ~31.0.13
[2026-02-24T11:45:06.695Z] expo-video@3.0.15 - expected version: ~3.0.16
[2026-02-24T11:45:06.696Z] Your project may not work correctly until you install the expected versions of the packages.
[2026-02-24T11:45:06.704Z] Waiting on http://localhost:8081
[2026-02-24T11:45:06.705Z] Logs for your project will appear below.
[2026-02-24T11:45:09.405Z] EXPO_USE_METRO_WORKSPACE_ROOT is enabled by default, use EXPO_NO_METRO_WORKSPACE_ROOT instead to disable.
[2026-02-24T11:45:09.409Z] EXPO_USE_METRO_WORKSPACE_ROOT is enabled by default, use EXPO_NO_METRO_WORKSPACE_ROOT instead to disable.
[2026-02-24T11:45:10.251Z] Web node_modules/expo-router/entry.js ▓▓▓▓▓▓░░░░░░░░░░ 38.4% (275/444)
[2026-02-24T11:45:10.251Z] λ node_modules/expo-router/node/render.js ▓▓▓▓▓░░░░░░░░░░░ 34.6% (266/452)
[2026-02-24T11:45:12.072Z] λ Bundled 2641ms node_modules/expo-router/node/render.js (1182 modules)
[2026-02-24T11:45:12.821Z] Web Bundled 3392ms node_modules/expo-router/entry.js (1365 modules)
[2026-02-24T11:45:18.895Z] EXPO_USE_METRO_WORKSPACE_ROOT is enabled by default, use EXPO_NO_METRO_WORKSPACE_ROOT instead to disable.
[2026-02-24T11:45:18.897Z] EXPO_USE_METRO_WORKSPACE_ROOT is enabled by default, use EXPO_NO_METRO_WORKSPACE_ROOT instead to disable.
[2026-02-24T11:45:18.899Z] Web node_modules/expo-router/entry.js ░░░░░░░░░░░░░░░░  0.0% (0/1)
[2026-02-24T11:45:19.089Z] λ Bundled 48ms node_modules/expo-router/node/render.js (1 module)
[2026-02-24T11:45:19.340Z] Web Bundled 441ms node_modules/expo-router/entry.js (1 module)
[2026-02-24T11:45:20.181Z] Web Bundled 787ms node_modules/expo-router/entry.js (1352 modules)
[2026-02-24T11:45:20.712Z] LOG  [web] Logs will appear in the browser console
[2026-02-24T11:45:59.675Z] EXPO_USE_METRO_WORKSPACE_ROOT is enabled by default, use EXPO_NO_METRO_WORKSPACE_ROOT instead to disable.
[2026-02-24T11:45:59.677Z] EXPO_USE_METRO_WORKSPACE_ROOT is enabled by default, use EXPO_NO_METRO_WORKSPACE_ROOT instead to disable.
[2026-02-24T11:45:59.679Z] Web node_modules/expo-router/entry.js ░░░░░░░░░░░░░░░░  0.0% (0/1)
[2026-02-24T11:45:59.844Z] λ Bundled 60ms node_modules/expo-router/node/render.js (1 module)
[2026-02-24T11:46:00.205Z] Web Bundled 526ms node_modules/expo-router/entry.js (1 module)
[2026-02-24T11:46:00.349Z] Web Bundled 70ms node_modules/expo-router/entry.js (1 module)
[2026-02-24T11:46:00.823Z] LOG  [web] Logs will appear in the browser console
[2026-02-24T11:46:23.023Z] EXPO_USE_METRO_WORKSPACE_ROOT is enabled by default, use EXPO_NO_METRO_WORKSPACE_ROOT instead to disable.
[2026-02-24T11:46:23.026Z] EXPO_USE_METRO_WORKSPACE_ROOT is enabled by default, use EXPO_NO_METRO_WORKSPACE_ROOT instead to disable.
[2026-02-24T11:46:23.028Z] Web node_modules/expo-router/entry.js ░░░░░░░░░░░░░░░░  0.0% (0/1)
[2026-02-24T11:46:23.250Z] λ Bundled 81ms node_modules/expo-router/node/render.js (1 module)
[2026-02-24T11:46:23.496Z] Web Bundled 468ms node_modules/expo-router/entry.js (1 module)
[2026-02-24T11:46:23.729Z] Web Bundled 65ms node_modules/expo-router/entry.js (1 module)
[2026-02-24T11:46:25.130Z] LOG  [web] Logs will appear in the browser console
[2026-02-24T11:52:04.491Z] Dev server process group stopped
[2026-02-24T11:52:04.495Z] ELIFECYCLE  Command failed.
[2026-02-24T11:52:04.495Z] ELIFECYCLE  Command failed.
[2026-02-24T11:52:04.581Z] Dev server exited with code -15
[2026-02-24T11:52:07.500Z] Starting dev server with command: pnpm run dev
[2026-02-24T11:52:08.461Z] 
[2026-02-24T11:52:08.462Z] > app-template@1.0.0 dev /home/ubuntu/sf-admin-quiz
[2026-02-24T11:52:08.462Z] > concurrently -k "pnpm dev:server" "pnpm dev:metro"
[2026-02-24T11:52:08.463Z] 
[2026-02-24T11:52:09.325Z] [1]
[2026-02-24T11:52:09.326Z] [1] > app-template@1.0.0 dev:metro /home/ubuntu/sf-admin-quiz
[2026-02-24T11:52:09.327Z] [1] > cross-env EXPO_USE_METRO_WORKSPACE_ROOT=1 npx expo start --web --port ${EXPO_PORT:-8081}
[2026-02-24T11:52:09.327Z] [1]
[2026-02-24T11:52:09.345Z] [0]
[2026-02-24T11:52:09.346Z] [0] > app-template@1.0.0 dev:server /home/ubuntu/sf-admin-quiz
[2026-02-24T11:52:09.347Z] [0] > cross-env NODE_ENV=development tsx watch server/_core/index.ts
[2026-02-24T11:52:09.347Z] [0]
[2026-02-24T11:52:10.136Z] [1] Starting project at /home/ubuntu/sf-admin-quiz
[2026-02-24T11:52:10.662Z] [1] EXPO_USE_METRO_WORKSPACE_ROOT is enabled by default, use EXPO_NO_METRO_WORKSPACE_ROOT instead to disable.
[2026-02-24T11:52:11.128Z] [1] EXPO_USE_METRO_WORKSPACE_ROOT is enabled by default, use EXPO_NO_METRO_WORKSPACE_ROOT instead to disable.
[2026-02-24T11:52:11.129Z] [1] EXPO_USE_METRO_WORKSPACE_ROOT is enabled by default, use EXPO_NO_METRO_WORKSPACE_ROOT instead to disable.
[2026-02-24T11:52:11.130Z] [1] EXPO_USE_METRO_WORKSPACE_ROOT is enabled by default, use EXPO_NO_METRO_WORKSPACE_ROOT instead to disable.
[2026-02-24T11:52:11.134Z] [1] React Compiler enabled
[2026-02-24T11:52:11.553Z] [1] Starting Metro Bundler
[2026-02-24T11:52:11.612Z] [1] EXPO_USE_METRO_WORKSPACE_ROOT is enabled by default, use EXPO_NO_METRO_WORKSPACE_ROOT instead to disable.
[2026-02-24T11:52:13.555Z] [0] [OAuth] Initialized with baseURL: https://api.manus.im
[2026-02-24T11:52:13.705Z] [0] [api] server listening on port 3000
[2026-02-24T11:52:22.523Z] [1] EXPO_USE_METRO_WORKSPACE_ROOT is enabled by default, use EXPO_NO_METRO_WORKSPACE_ROOT instead to disable.
[2026-02-24T11:52:22.526Z] [1] EXPO_USE_METRO_WORKSPACE_ROOT is enabled by default, use EXPO_NO_METRO_WORKSPACE_ROOT instead to disable.
[2026-02-24T11:52:22.541Z] [1] Web node_modules/expo-router/entry.js ░░░░░░░░░░░░░░░░  0.0% (0/1)
[2026-02-24T11:52:24.075Z] [1] The following packages should be updated for best compatibility with the installed expo version:
[2026-02-24T11:52:24.076Z] [1]   expo@54.0.29 - expected version: ~54.0.33
[2026-02-24T11:52:24.077Z] [1]   expo-audio@1.1.0 - expected version: ~1.1.1
[2026-02-24T11:52:24.077Z] [1]   expo-constants@18.0.12 - expected version: ~18.0.13
[2026-02-24T11:52:24.077Z] [1]   expo-font@14.0.10 - expected version: ~14.0.11
[2026-02-24T11:52:24.078Z] [1]   expo-linking@8.0.10 - expected version: ~8.0.11
[2026-02-24T11:52:24.078Z] [1]   expo-notifications@0.32.15 - expected version: ~0.32.16
[2026-02-24T11:52:24.078Z] [1]   expo-router@6.0.19 - expected version: ~6.0.23
[2026-02-24T11:52:24.078Z] [1]   expo-splash-screen@31.0.12 - expected version: ~31.0.13
[2026-02-24T11:52:24.079Z] [1]   expo-video@3.0.15 - expected version: ~3.0.16
[2026-02-24T11:52:24.080Z] [1] Your project may not work correctly until you install the expected versions of the packages.
[2026-02-24T11:52:24.142Z] [1] Waiting on http://localhost:8081
[2026-02-24T11:52:24.144Z] [1] Logs for your project will appear below.
[2026-02-24T11:52:24.144Z] [1] Web node_modules/expo-router/entry.js ▓▓▓▓▓▓▓▓░░░░░░░░ 52.1% (653/905)
[2026-02-24T11:52:24.144Z] [1] λ node_modules/expo-router/node/render.js ▓▓▓▓▓▓▓▓▓▓░░░░░░ 65.2% (754/934)
[2026-02-24T11:52:25.036Z] [1] λ Bundled 2494ms node_modules/expo-router/node/render.js (1316 modules)
[2026-02-24T11:52:25.826Z] [1] Web Bundled 3287ms node_modules/expo-router/entry.js (1365 modules)
[2026-02-24T11:52:31.632Z] [1] EXPO_USE_METRO_WORKSPACE_ROOT is enabled by default, use EXPO_NO_METRO_WORKSPACE_ROOT instead to disable.
[2026-02-24T11:52:31.634Z] [1] EXPO_USE_METRO_WORKSPACE_ROOT is enabled by default, use EXPO_NO_METRO_WORKSPACE_ROOT instead to disable.
[2026-02-24T11:52:31.636Z] [1] Web node_modules/expo-router/entry.js ░░░░░░░░░░░░░░░░  0.0% (0/1)
[2026-02-24T11:52:31.823Z] [1] λ Bundled 45ms node_modules/expo-router/node/render.js (1 module)
[2026-02-24T11:52:32.001Z] [1] Web Bundled 365ms node_modules/expo-router/entry.js (1 module)
[2026-02-24T11:52:32.840Z] [1] Web Bundled 788ms node_modules/expo-router/entry.js (1367 modules)
[2026-02-24T11:52:33.501Z] [1]  LOG  [web] Logs will appear in the browser console
[2026-02-24T11:52:33.818Z] [0] [Auth] Missing session cookie
[2026-02-24T11:52:33.828Z] [0] [Auth] /api/auth/me failed: HttpError: Invalid session cookie
[2026-02-24T11:52:33.829Z] [0]     at ForbiddenError (/home/ubuntu/sf-admin-quiz/shared/_core/errors.ts:18:48)
[2026-02-24T11:52:33.829Z] [0]     at SDKServer.authenticateRequest (/home/ubuntu/sf-admin-quiz/server/_core/sdk.ts:253:13)
[2026-02-24T11:52:33.829Z] [0]     at process.processTicksAndRejections (node:internal/process/task_queues:105:5)
[2026-02-24T11:52:33.830Z] [0]     at async <anonymous> (/home/ubuntu/sf-admin-quiz/server/_core/oauth.ts:174:20) {
[2026-02-24T11:52:33.830Z] [0]   statusCode: 403
[2026-02-24T11:52:33.830Z] [0] }
[2026-02-24T11:52:34.081Z] [0] [Auth] Missing session cookie
[2026-02-24T11:52:34.082Z] [0] [Auth] /api/auth/me failed: HttpError: Invalid session cookie
[2026-02-24T11:52:34.083Z] [0]     at ForbiddenError (/home/ubuntu/sf-admin-quiz/shared/_core/errors.ts:18:48)
[2026-02-24T11:52:34.083Z] [0]     at SDKServer.authenticateRequest (/home/ubuntu/sf-admin-quiz/server/_core/sdk.ts:253:13)
[2026-02-24T11:52:34.083Z] [0]     at process.processTicksAndRejections (node:internal/process/task_queues:105:5)
[2026-02-24T11:52:34.084Z] [0]     at async <anonymous> (/home/ubuntu/sf-admin-quiz/server/_core/oauth.ts:174:20) {
[2026-02-24T11:52:34.084Z] [0]   statusCode: 403
[2026-02-24T11:52:34.084Z] [0] }
[2026-02-24T11:52:34.090Z] [0] [Auth] Missing session cookie
[2026-02-24T11:52:34.091Z] [0] [Auth] /api/auth/me failed: HttpError: Invalid session cookie
[2026-02-24T11:52:34.091Z] [0]     at ForbiddenError (/home/ubuntu/sf-admin-quiz/shared/_core/errors.ts:18:48)
[2026-02-24T11:52:34.092Z] [0]     at SDKServer.authenticateRequest (/home/ubuntu/sf-admin-quiz/server/_core/sdk.ts:253:13)
[2026-02-24T11:52:34.092Z] [0]     at process.processTicksAndRejections (node:internal/process/task_queues:105:5)
[2026-02-24T11:52:34.093Z] [0]     at async <anonymous> (/home/ubuntu/sf-admin-quiz/server/_core/oauth.ts:174:20) {
[2026-02-24T11:52:34.094Z] [0]   statusCode: 403
[2026-02-24T11:52:34.094Z] [0] }
[2026-02-24T11:53:44.848Z] [1] EXPO_USE_METRO_WORKSPACE_ROOT is enabled by default, use EXPO_NO_METRO_WORKSPACE_ROOT instead to disable.
[2026-02-24T11:53:44.850Z] [1] EXPO_USE_METRO_WORKSPACE_ROOT is enabled by default, use EXPO_NO_METRO_WORKSPACE_ROOT instead to disable.
[2026-02-24T11:53:44.853Z] [1] Web node_modules/expo-router/entry.js ░░░░░░░░░░░░░░░░  0.0% (0/1)
[2026-02-24T11:53:45.056Z] [1] λ Bundled 62ms node_modules/expo-router/node/render.js (1 module)
[2026-02-24T11:53:45.342Z] [1] Web Bundled 489ms node_modules/expo-router/entry.js (1 module)
[2026-02-24T11:53:45.521Z] [1] Web Bundled 52ms node_modules/expo-router/entry.js (1 module)
[2026-02-24T11:53:45.984Z] [1]  LOG  [web] Logs will appear in the browser console
[2026-02-24T11:53:46.217Z] [0] [Auth] Missing session cookie
[2026-02-24T11:53:46.218Z] [0] [Auth] /api/auth/me failed: HttpError: Invalid session cookie
[2026-02-24T11:53:46.219Z] [0]     at ForbiddenError (/home/ubuntu/sf-admin-quiz/shared/_core/errors.ts:18:48)
[2026-02-24T11:53:46.219Z] [0]     at SDKServer.authenticateRequest (/home/ubuntu/sf-admin-quiz/server/_core/sdk.ts:253:13)
[2026-02-24T11:53:46.220Z] [0]     at process.processTicksAndRejections (node:internal/process/task_queues:105:5)
[2026-02-24T11:53:46.220Z] [0]     at async <anonymous> (/home/ubuntu/sf-admin-quiz/server/_core/oauth.ts:174:20) {
[2026-02-24T11:53:46.220Z] [0]   statusCode: 403
[2026-02-24T11:53:46.221Z] [0] }
[2026-02-24T11:53:46.436Z] [0] [Auth] Missing session cookie
[2026-02-24T11:53:46.437Z] [0] [Auth] /api/auth/me failed: HttpError: Invalid session cookie
[2026-02-24T11:53:46.438Z] [0]     at ForbiddenError (/home/ubuntu/sf-admin-quiz/shared/_core/errors.ts:18:48)
[2026-02-24T11:53:46.438Z] [0]     at SDKServer.authenticateRequest (/home/ubuntu/sf-admin-quiz/server/_core/sdk.ts:253:13)
[2026-02-24T11:53:46.439Z] [0]     at process.processTicksAndRejections (node:internal/process/task_queues:105:5)
[2026-02-24T11:53:46.439Z] [0]     at async <anonymous> (/home/ubuntu/sf-admin-quiz/server/_core/oauth.ts:174:20) {
[2026-02-24T11:53:46.440Z] [0]   statusCode: 403
[2026-02-24T11:53:46.440Z] [0] }
[2026-02-24T11:53:46.454Z] [0] [Auth] Missing session cookie
[2026-02-24T11:53:46.455Z] [0] [Auth] /api/auth/me failed: HttpError: Invalid session cookie
[2026-02-24T11:53:46.455Z] [0]     at ForbiddenError (/home/ubuntu/sf-admin-quiz/shared/_core/errors.ts:18:48)
[2026-02-24T11:53:46.456Z] [0]     at SDKServer.authenticateRequest (/home/ubuntu/sf-admin-quiz/server/_core/sdk.ts:253:13)
[2026-02-24T11:53:46.456Z] [0]     at process.processTicksAndRejections (node:internal/process/task_queues:105:5)
[2026-02-24T11:53:46.456Z] [0]     at async <anonymous> (/home/ubuntu/sf-admin-quiz/server/_core/oauth.ts:174:20) {
[2026-02-24T11:53:46.456Z] [0]   statusCode: 403
[2026-02-24T11:53:46.457Z] [0] }
[2026-02-24T11:58:10.860Z] [1] EXPO_USE_METRO_WORKSPACE_ROOT is enabled by default, use EXPO_NO_METRO_WORKSPACE_ROOT instead to disable.
[2026-02-24T11:58:10.862Z] [1] EXPO_USE_METRO_WORKSPACE_ROOT is enabled by default, use EXPO_NO_METRO_WORKSPACE_ROOT instead to disable.
[2026-02-24T11:58:10.865Z] [1] Web node_modules/expo-router/entry.js ░░░░░░░░░░░░░░░░  0.0% (0/1)
[2026-02-24T11:58:11.098Z] [1] λ Bundled 83ms node_modules/expo-router/node/render.js (1 module)
[2026-02-24T11:58:11.377Z] [1] Web Bundled 512ms node_modules/expo-router/entry.js (1 module)
[2026-02-24T11:58:11.635Z] [1] Web Bundled 81ms node_modules/expo-router/entry.js (1 module)
[2026-02-24T11:58:12.985Z] [1]  LOG  [web] Logs will appear in the browser console
[2026-02-24T11:58:13.177Z] [0] [Auth] Missing session cookie
[2026-02-24T11:58:13.178Z] [0] [Auth] /api/auth/me failed: HttpError: Invalid session cookie
[2026-02-24T11:58:13.178Z] [0]     at ForbiddenError (/home/ubuntu/sf-admin-quiz/shared/_core/errors.ts:18:48)
[2026-02-24T11:58:13.179Z] [0]     at SDKServer.authenticateRequest (/home/ubuntu/sf-admin-quiz/server/_core/sdk.ts:253:13)
[2026-02-24T11:58:13.179Z] [0]     at process.processTicksAndRejections (node:internal/process/task_queues:105:5)
[2026-02-24T11:58:13.179Z] [0]     at async <anonymous> (/home/ubuntu/sf-admin-quiz/server/_core/oauth.ts:174:20) {
[2026-02-24T11:58:13.179Z] [0]   statusCode: 403
[2026-02-24T11:58:13.180Z] [0] }
[2026-02-24T11:58:13.427Z] [0] [Auth] Missing session cookie
[2026-02-24T11:58:13.428Z] [0] [Auth] /api/auth/me failed: HttpError: Invalid session cookie
[2026-02-24T11:58:13.428Z] [0]     at ForbiddenError (/home/ubuntu/sf-admin-quiz/shared/_core/errors.ts:18:48)
[2026-02-24T11:58:13.428Z] [0]     at SDKServer.authenticateRequest (/home/ubuntu/sf-admin-quiz/server/_core/sdk.ts:253:13)
[2026-02-24T11:58:13.429Z] [0]     at process.processTicksAndRejections (node:internal/process/task_queues:105:5)
[2026-02-24T11:58:13.429Z] [0]     at async <anonymous> (/home/ubuntu/sf-admin-quiz/server/_core/oauth.ts:174:20) {
[2026-02-24T11:58:13.429Z] [0]   statusCode: 403
[2026-02-24T11:58:13.430Z] [0] }
[2026-02-24T11:58:13.471Z] [0] [Auth] Missing session cookie
[2026-02-24T11:58:13.472Z] [0] [Auth] /api/auth/me failed: HttpError: Invalid session cookie
[2026-02-24T11:58:13.472Z] [0]     at ForbiddenError (/home/ubuntu/sf-admin-quiz/shared/_core/errors.ts:18:48)
[2026-02-24T11:58:13.472Z] [0]     at SDKServer.authenticateRequest (/home/ubuntu/sf-admin-quiz/server/_core/sdk.ts:253:13)
[2026-02-24T11:58:13.473Z] [0]     at process.processTicksAndRejections (node:internal/process/task_queues:105:5)
[2026-02-24T11:58:13.473Z] [0]     at async <anonymous> (/home/ubuntu/sf-admin-quiz/server/_core/oauth.ts:174:20) {
[2026-02-24T11:58:13.473Z] [0]   statusCode: 403
[2026-02-24T11:58:13.474Z] [0] }
[2026-02-24T13:06:36.073Z] [1] EXPO_USE_METRO_WORKSPACE_ROOT is enabled by default, use EXPO_NO_METRO_WORKSPACE_ROOT instead to disable.
[2026-02-24T13:06:36.076Z] [1] EXPO_USE_METRO_WORKSPACE_ROOT is enabled by default, use EXPO_NO_METRO_WORKSPACE_ROOT instead to disable.
[2026-02-24T13:06:36.078Z] [1] Web node_modules/expo-router/entry.js ░░░░░░░░░░░░░░░░  0.0% (0/1)
[2026-02-24T13:06:36.284Z] [1] λ Bundled 57ms node_modules/expo-router/node/render.js (1 module)
[2026-02-24T13:06:36.495Z] [1] Web Bundled 417ms node_modules/expo-router/entry.js (1 module)
[2026-02-24T13:06:36.740Z] [1] Web Bundled 71ms node_modules/expo-router/entry.js (1 module)
[2026-02-24T13:06:44.457Z] [1]  LOG  [web] Logs will appear in the browser console
[2026-02-24T13:06:44.552Z] [0] [Auth] verifySession called with token: eyJhbGciOiJIUzI1NiIsInR5cCI6IkpXVCJ9.eyJvcGVuSWQiO...
[2026-02-24T13:06:44.553Z] [0] [Auth] Secret key obtained
[2026-02-24T13:06:44.559Z] [0] [Auth] JWT verified successfully
[2026-02-24T13:06:44.559Z] [0] [Auth] Payload extracted: {
[2026-02-24T13:06:44.559Z] [0]   openId: 'email_5fe6cfb174127c7bfd7e612ace865d43',
[2026-02-24T13:06:44.560Z] [0]   appId: 'VQL5eys5uVx6Y3Mq382g4p',
[2026-02-24T13:06:44.560Z] [0]   name: ''
[2026-02-24T13:06:44.560Z] [0] }
[2026-02-24T13:06:47.448Z] [0] [Auth] verifySession called with token: eyJhbGciOiJIUzI1NiIsInR5cCI6IkpXVCJ9.eyJvcGVuSWQiO...
[2026-02-24T13:06:47.448Z] [0] [Auth] Secret key obtained
[2026-02-24T13:06:47.449Z] [0] [Auth] JWT verified successfully
[2026-02-24T13:06:47.449Z] [0] [Auth] Payload extracted: {
[2026-02-24T13:06:47.449Z] [0]   openId: 'email_5fe6cfb174127c7bfd7e612ace865d43',
[2026-02-24T13:06:47.450Z] [0]   appId: 'VQL5eys5uVx6Y3Mq382g4p',
[2026-02-24T13:06:47.450Z] [0]   name: ''
[2026-02-24T13:06:47.450Z] [0] }
[2026-02-24T13:08:42.203Z] [1] EXPO_USE_METRO_WORKSPACE_ROOT is enabled by default, use EXPO_NO_METRO_WORKSPACE_ROOT instead to disable.
[2026-02-24T13:08:42.206Z] [1] EXPO_USE_METRO_WORKSPACE_ROOT is enabled by default, use EXPO_NO_METRO_WORKSPACE_ROOT instead to disable.
[2026-02-24T13:08:42.208Z] [1] Web node_modules/expo-router/entry.js ░░░░░░░░░░░░░░░░  0.0% (0/1)
[2026-02-24T13:08:42.413Z] [1] λ Bundled 62ms node_modules/expo-router/node/render.js (1 module)
[2026-02-24T13:08:42.624Z] [1] Web Bundled 415ms node_modules/expo-router/entry.js (1 module)
[2026-02-24T13:08:42.842Z] [1] Web Bundled 73ms node_modules/expo-router/entry.js (1 module)
[2026-02-24T13:08:44.352Z] [0] [Auth] verifySession called with token: eyJhbGciOiJIUzI1NiIsInR5cCI6IkpXVCJ9.eyJvcGVuSWQiO...
[2026-02-24T13:08:44.352Z] [0] [Auth] Secret key obtained
[2026-02-24T13:08:44.353Z] [0] [Auth] JWT verified successfully
[2026-02-24T13:08:44.353Z] [0] [Auth] Payload extracted: {
[2026-02-24T13:08:44.354Z] [0]   openId: 'email_5fe6cfb174127c7bfd7e612ace865d43',
[2026-02-24T13:08:44.354Z] [0]   appId: 'VQL5eys5uVx6Y3Mq382g4p',
[2026-02-24T13:08:44.354Z] [0]   name: ''
[2026-02-24T13:08:44.355Z] [0] }
[2026-02-24T13:08:44.438Z] [1]  LOG  [web] Logs will appear in the browser console
[2026-02-24T13:08:44.940Z] [0] [Auth] verifySession called with token: eyJhbGciOiJIUzI1NiIsInR5cCI6IkpXVCJ9.eyJvcGVuSWQiO...
[2026-02-24T13:08:44.941Z] [0] [Auth] Secret key obtained
[2026-02-24T13:08:44.941Z] [0] [Auth] JWT verified successfully
[2026-02-24T13:08:44.942Z] [0] [Auth] Payload extracted: {
[2026-02-24T13:08:44.942Z] [0]   openId: 'email_5fe6cfb174127c7bfd7e612ace865d43',
[2026-02-24T13:08:44.942Z] [0]   appId: 'VQL5eys5uVx6Y3Mq382g4p',
[2026-02-24T13:08:44.942Z] [0]   name: ''
[2026-02-24T13:08:44.943Z] [0] }
[2026-02-24T13:10:05.010Z] [1] EXPO_USE_METRO_WORKSPACE_ROOT is enabled by default, use EXPO_NO_METRO_WORKSPACE_ROOT instead to disable.
[2026-02-24T13:10:05.012Z] [1] EXPO_USE_METRO_WORKSPACE_ROOT is enabled by default, use EXPO_NO_METRO_WORKSPACE_ROOT instead to disable.
[2026-02-24T13:10:05.018Z] [1] Web node_modules/expo-router/entry.js ░░░░░░░░░░░░░░░░  0.0% (0/1)
[2026-02-24T13:10:05.248Z] [1] λ Bundled 82ms node_modules/expo-router/node/render.js (1 module)
[2026-02-24T13:10:05.510Z] [1] Web Bundled 492ms node_modules/expo-router/entry.js (1 module)
[2026-02-24T13:10:05.680Z] [1] Web Bundled 87ms node_modules/expo-router/entry.js (1 module)
[2026-02-24T13:10:06.224Z] [1]  LOG  [web] Logs will appear in the browser console
[2026-02-24T13:10:06.459Z] [0] [Auth] Missing session cookie
[2026-02-24T13:10:06.460Z] [0] [Auth] /api/auth/me failed: HttpError: Invalid session cookie
[2026-02-24T13:10:06.460Z] [0]     at ForbiddenError (/home/ubuntu/sf-admin-quiz/shared/_core/errors.ts:18:48)
[2026-02-24T13:10:06.461Z] [0]     at SDKServer.authenticateRequest (/home/ubuntu/sf-admin-quiz/server/_core/sdk.ts:253:13)
[2026-02-24T13:10:06.461Z] [0]     at process.processTicksAndRejections (node:internal/process/task_queues:105:5)
[2026-02-24T13:10:06.461Z] [0]     at async <anonymous> (/home/ubuntu/sf-admin-quiz/server/_core/oauth.ts:174:20) {
[2026-02-24T13:10:06.462Z] [0]   statusCode: 403
[2026-02-24T13:10:06.463Z] [0] }
[2026-02-24T13:10:06.733Z] [0] [Auth] Missing session cookie
[2026-02-24T13:10:06.734Z] [0] [Auth] /api/auth/me failed: HttpError: Invalid session cookie
[2026-02-24T13:10:06.734Z] [0]     at ForbiddenError (/home/ubuntu/sf-admin-quiz/shared/_core/errors.ts:18:48)
[2026-02-24T13:10:06.735Z] [0]     at SDKServer.authenticateRequest (/home/ubuntu/sf-admin-quiz/server/_core/sdk.ts:253:13)
[2026-02-24T13:10:06.735Z] [0]     at process.processTicksAndRejections (node:internal/process/task_queues:105:5)
[2026-02-24T13:10:06.736Z] [0]     at async <anonymous> (/home/ubuntu/sf-admin-quiz/server/_core/oauth.ts:174:20) {
[2026-02-24T13:10:06.736Z] [0]   statusCode: 403
[2026-02-24T13:10:06.736Z] [0] }
[2026-02-24T13:10:06.745Z] [0] [Auth] Missing session cookie
[2026-02-24T13:10:06.745Z] [0] [Auth] /api/auth/me failed: HttpError: Invalid session cookie
[2026-02-24T13:10:06.746Z] [0]     at ForbiddenError (/home/ubuntu/sf-admin-quiz/shared/_core/errors.ts:18:48)
[2026-02-24T13:10:06.746Z] [0]     at SDKServer.authenticateRequest (/home/ubuntu/sf-admin-quiz/server/_core/sdk.ts:253:13)
[2026-02-24T13:10:06.746Z] [0]     at process.processTicksAndRejections (node:internal/process/task_queues:105:5)
[2026-02-24T13:10:06.747Z] [0]     at async <anonymous> (/home/ubuntu/sf-admin-quiz/server/_core/oauth.ts:174:20) {
[2026-02-24T13:10:06.747Z] [0]   statusCode: 403
[2026-02-24T13:10:06.747Z] [0] }
[2026-02-24T13:11:09.145Z] [1] EXPO_USE_METRO_WORKSPACE_ROOT is enabled by default, use EXPO_NO_METRO_WORKSPACE_ROOT instead to disable.
[2026-02-24T13:11:09.147Z] [1] EXPO_USE_METRO_WORKSPACE_ROOT is enabled by default, use EXPO_NO_METRO_WORKSPACE_ROOT instead to disable.
[2026-02-24T13:11:09.149Z] [1] Web node_modules/expo-router/entry.js ░░░░░░░░░░░░░░░░  0.0% (0/1)
[2026-02-24T13:11:09.385Z] [1] λ Bundled 81ms node_modules/expo-router/node/render.js (1 module)
[2026-02-24T13:11:09.673Z] [1] Web Bundled 523ms node_modules/expo-router/entry.js (1 module)
[2026-02-24T13:11:09.946Z] [1] Web Bundled 85ms node_modules/expo-router/entry.js (1 module)
[2026-02-24T13:11:11.428Z] [1]  LOG  [web] Logs will appear in the browser console
[2026-02-24T13:11:11.431Z] [0] [Auth] verifySession called with token: eyJhbGciOiJIUzI1NiIsInR5cCI6IkpXVCJ9.eyJvcGVuSWQiO...
[2026-02-24T13:11:11.432Z] [0] [Auth] Secret key obtained
[2026-02-24T13:11:11.432Z] [0] [Auth] JWT verified successfully
[2026-02-24T13:11:11.433Z] [0] [Auth] Payload extracted: {
[2026-02-24T13:11:11.433Z] [0]   openId: 'email_5fe6cfb174127c7bfd7e612ace865d43',
[2026-02-24T13:11:11.433Z] [0]   appId: 'VQL5eys5uVx6Y3Mq382g4p',
[2026-02-24T13:11:11.434Z] [0]   name: ''
[2026-02-24T13:11:11.434Z] [0] }
[2026-02-24T13:11:12.218Z] [0] [Auth] verifySession called with token: eyJhbGciOiJIUzI1NiIsInR5cCI6IkpXVCJ9.eyJvcGVuSWQiO...
[2026-02-24T13:11:12.219Z] [0] [Auth] Secret key obtained
[2026-02-24T13:11:12.219Z] [0] [Auth] JWT verified successfully
[2026-02-24T13:11:12.220Z] [0] [Auth] Payload extracted: {
[2026-02-24T13:11:12.220Z] [0]   openId: 'email_5fe6cfb174127c7bfd7e612ace865d43',
[2026-02-24T13:11:12.220Z] [0]   appId: 'VQL5eys5uVx6Y3Mq382g4p',
[2026-02-24T13:11:12.221Z] [0]   name: ''
[2026-02-24T13:11:12.221Z] [0] }
[2026-02-24T13:15:54.475Z] [1] EXPO_USE_METRO_WORKSPACE_ROOT is enabled by default, use EXPO_NO_METRO_WORKSPACE_ROOT instead to disable.
[2026-02-24T13:15:54.478Z] [1] EXPO_USE_METRO_WORKSPACE_ROOT is enabled by default, use EXPO_NO_METRO_WORKSPACE_ROOT instead to disable.
[2026-02-24T13:15:54.482Z] [1] Web node_modules/expo-router/entry.js ░░░░░░░░░░░░░░░░  0.0% (0/1)
[2026-02-24T13:15:54.707Z] [1] λ Bundled 76ms node_modules/expo-router/node/render.js (1 module)
[2026-02-24T13:15:54.967Z] [1] Web Bundled 485ms node_modules/expo-router/entry.js (1 module)
[2026-02-24T13:15:55.216Z] [1] Web Bundled 83ms node_modules/expo-router/entry.js (1 module)
[2026-02-24T13:15:57.020Z] [1]  LOG  [web] Logs will appear in the browser console
[2026-02-24T13:15:57.022Z] [0] [Auth] verifySession called with token: eyJhbGciOiJIUzI1NiIsInR5cCI6IkpXVCJ9.eyJvcGVuSWQiO...
[2026-02-24T13:15:57.022Z] [0] [Auth] Secret key obtained
[2026-02-24T13:15:57.023Z] [0] [Auth] JWT verified successfully
[2026-02-24T13:15:57.023Z] [0] [Auth] Payload extracted: {
[2026-02-24T13:15:57.024Z] [0]   openId: 'email_5fe6cfb174127c7bfd7e612ace865d43',
[2026-02-24T13:15:57.024Z] [0]   appId: 'VQL5eys5uVx6Y3Mq382g4p',
[2026-02-24T13:15:57.024Z] [0]   name: ''
[2026-02-24T13:15:57.024Z] [0] }
[2026-02-24T13:15:57.637Z] [0] [Auth] verifySession called with token: eyJhbGciOiJIUzI1NiIsInR5cCI6IkpXVCJ9.eyJvcGVuSWQiO...
[2026-02-24T13:15:57.638Z] [0] [Auth] Secret key obtained
[2026-02-24T13:15:57.638Z] [0] [Auth] JWT verified successfully
[2026-02-24T13:15:57.639Z] [0] [Auth] Payload extracted: {
[2026-02-24T13:15:57.639Z] [0]   openId: 'email_5fe6cfb174127c7bfd7e612ace865d43',
[2026-02-24T13:15:57.639Z] [0]   appId: 'VQL5eys5uVx6Y3Mq382g4p',
[2026-02-24T13:15:57.640Z] [0]   name: ''
[2026-02-24T13:15:57.640Z] [0] }
[2026-02-24T13:21:26.819Z] [1] EXPO_USE_METRO_WORKSPACE_ROOT is enabled by default, use EXPO_NO_METRO_WORKSPACE_ROOT instead to disable.
[2026-02-24T13:21:26.821Z] [1] EXPO_USE_METRO_WORKSPACE_ROOT is enabled by default, use EXPO_NO_METRO_WORKSPACE_ROOT instead to disable.
[2026-02-24T13:21:26.823Z] [1] Web node_modules/expo-router/entry.js ░░░░░░░░░░░░░░░░  0.0% (0/1)
[2026-02-24T13:21:27.027Z] [1] λ Bundled 63ms node_modules/expo-router/node/render.js (1 module)
[2026-02-24T13:21:27.269Z] [1] Web Bundled 446ms node_modules/expo-router/entry.js (1 module)
[2026-02-24T13:21:27.422Z] [1] Web Bundled 78ms node_modules/expo-router/entry.js (1 module)
[2026-02-24T13:21:27.987Z] [1]  LOG  [web] Logs will appear in the browser console
[2026-02-24T13:21:28.322Z] [0] [Auth] Missing session cookie
[2026-02-24T13:21:28.323Z] [0] [Auth] /api/auth/me failed: HttpError: Invalid session cookie
[2026-02-24T13:21:28.324Z] [0]     at ForbiddenError (/home/ubuntu/sf-admin-quiz/shared/_core/errors.ts:18:48)
[2026-02-24T13:21:28.324Z] [0]     at SDKServer.authenticateRequest (/home/ubuntu/sf-admin-quiz/server/_core/sdk.ts:253:13)
[2026-02-24T13:21:28.324Z] [0]     at process.processTicksAndRejections (node:internal/process/task_queues:105:5)
[2026-02-24T13:21:28.325Z] [0]     at async <anonymous> (/home/ubuntu/sf-admin-quiz/server/_core/oauth.ts:174:20) {
[2026-02-24T13:21:28.325Z] [0]   statusCode: 403
[2026-02-24T13:21:28.325Z] [0] }
[2026-02-24T13:21:28.606Z] [0] [Auth] Missing session cookie
[2026-02-24T13:21:28.607Z] [0] [Auth] /api/auth/me failed: HttpError: Invalid session cookie
[2026-02-24T13:21:28.607Z] [0]     at ForbiddenError (/home/ubuntu/sf-admin-quiz/shared/_core/errors.ts:18:48)
[2026-02-24T13:21:28.608Z] [0]     at SDKServer.authenticateRequest (/home/ubuntu/sf-admin-quiz/server/_core/sdk.ts:253:13)
[2026-02-24T13:21:28.608Z] [0]     at process.processTicksAndRejections (node:internal/process/task_queues:105:5)
[2026-02-24T13:21:28.609Z] [0]     at async <anonymous> (/home/ubuntu/sf-admin-quiz/server/_core/oauth.ts:174:20) {
[2026-02-24T13:21:28.609Z] [0]   statusCode: 403
[2026-02-24T13:21:28.609Z] [0] }
[2026-02-24T13:21:28.619Z] [0] [Auth] Missing session cookie
[2026-02-24T13:21:28.620Z] [0] [Auth] /api/auth/me failed: HttpError: Invalid session cookie
[2026-02-24T13:21:28.621Z] [0]     at ForbiddenError (/home/ubuntu/sf-admin-quiz/shared/_core/errors.ts:18:48)
[2026-02-24T13:21:28.621Z] [0]     at SDKServer.authenticateRequest (/home/ubuntu/sf-admin-quiz/server/_core/sdk.ts:253:13)
[2026-02-24T13:21:28.622Z] [0]     at process.processTicksAndRejections (node:internal/process/task_queues:105:5)
[2026-02-24T13:21:28.622Z] [0]     at async <anonymous> (/home/ubuntu/sf-admin-quiz/server/_core/oauth.ts:174:20) {
[2026-02-24T13:21:28.623Z] [0]   statusCode: 403
[2026-02-24T13:21:28.623Z] [0] }
[2026-02-24T13:22:01.599Z] [1] EXPO_USE_METRO_WORKSPACE_ROOT is enabled by default, use EXPO_NO_METRO_WORKSPACE_ROOT instead to disable.
[2026-02-24T13:22:01.600Z] [1] EXPO_USE_METRO_WORKSPACE_ROOT is enabled by default, use EXPO_NO_METRO_WORKSPACE_ROOT instead to disable.
[2026-02-24T13:22:01.603Z] [1] Web node_modules/expo-router/entry.js ░░░░░░░░░░░░░░░░  0.0% (0/1)
[2026-02-24T13:22:01.804Z] [1] λ Bundled 62ms node_modules/expo-router/node/render.js (1 module)
[2026-02-24T13:22:02.017Z] [1] Web Bundled 414ms node_modules/expo-router/entry.js (1 module)
[2026-02-24T13:22:02.155Z] [1] Web Bundled 77ms node_modules/expo-router/entry.js (1 module)
[2026-02-24T13:22:02.635Z] [1]  LOG  [web] Logs will appear in the browser console
[2026-02-24T13:22:02.855Z] [0] [Auth] Missing session cookie
[2026-02-24T13:22:02.855Z] [0] [Auth] /api/auth/me failed: HttpError: Invalid session cookie
[2026-02-24T13:22:02.856Z] [0]     at ForbiddenError (/home/ubuntu/sf-admin-quiz/shared/_core/errors.ts:18:48)
[2026-02-24T13:22:02.856Z] [0]     at SDKServer.authenticateRequest (/home/ubuntu/sf-admin-quiz/server/_core/sdk.ts:253:13)
[2026-02-24T13:22:02.857Z] [0]     at process.processTicksAndRejections (node:internal/process/task_queues:105:5)
[2026-02-24T13:22:02.857Z] [0]     at async <anonymous> (/home/ubuntu/sf-admin-quiz/server/_core/oauth.ts:174:20) {
[2026-02-24T13:22:02.857Z] [0]   statusCode: 403
[2026-02-24T13:22:02.857Z] [0] }
[2026-02-24T13:22:03.107Z] [0] [Auth] Missing session cookie
[2026-02-24T13:22:03.107Z] [0] [Auth] /api/auth/me failed: HttpError: Invalid session cookie
[2026-02-24T13:22:03.108Z] [0]     at ForbiddenError (/home/ubuntu/sf-admin-quiz/shared/_core/errors.ts:18:48)
[2026-02-24T13:22:03.108Z] [0]     at SDKServer.authenticateRequest (/home/ubuntu/sf-admin-quiz/server/_core/sdk.ts:253:13)
[2026-02-24T13:22:03.109Z] [0]     at process.processTicksAndRejections (node:internal/process/task_queues:105:5)
[2026-02-24T13:22:03.109Z] [0]     at async <anonymous> (/home/ubuntu/sf-admin-quiz/server/_core/oauth.ts:174:20) {
[2026-02-24T13:22:03.109Z] [0]   statusCode: 403
[2026-02-24T13:22:03.110Z] [0] }
[2026-02-24T13:22:03.116Z] [0] [Auth] Missing session cookie
[2026-02-24T13:22:03.117Z] [0] [Auth] /api/auth/me failed: HttpError: Invalid session cookie
[2026-02-24T13:22:03.117Z] [0]     at ForbiddenError (/home/ubuntu/sf-admin-quiz/shared/_core/errors.ts:18:48)
[2026-02-24T13:22:03.118Z] [0]     at SDKServer.authenticateRequest (/home/ubuntu/sf-admin-quiz/server/_core/sdk.ts:253:13)
[2026-02-24T13:22:03.118Z] [0]     at process.processTicksAndRejections (node:internal/process/task_queues:105:5)
[2026-02-24T13:22:03.118Z] [0]     at async <anonymous> (/home/ubuntu/sf-admin-quiz/server/_core/oauth.ts:174:20) {
[2026-02-24T13:22:03.119Z] [0]   statusCode: 403
[2026-02-24T13:22:03.119Z] [0] }
[2026-02-24T13:23:56.816Z] [1] EXPO_USE_METRO_WORKSPACE_ROOT is enabled by default, use EXPO_NO_METRO_WORKSPACE_ROOT instead to disable.
[2026-02-24T13:23:56.819Z] [1] EXPO_USE_METRO_WORKSPACE_ROOT is enabled by default, use EXPO_NO_METRO_WORKSPACE_ROOT instead to disable.
[2026-02-24T13:23:56.821Z] [1] Web node_modules/expo-router/entry.js ░░░░░░░░░░░░░░░░  0.0% (0/1)
[2026-02-24T13:23:56.864Z] Dev server process group stopped
[2026-02-24T13:23:56.868Z] ELIFECYCLE  Command failed.
[2026-02-24T13:23:56.891Z] [0]  ELIFECYCLE  Command failed.
[2026-02-24T13:23:56.892Z] [1]  ELIFECYCLE  Command failed.
[2026-02-24T13:23:56.970Z] [0] 8:23:56 AM [tsx] Previous process hasn't exited yet. Force killing...
[2026-02-24T13:23:57.006Z] [0] pnpm dev:server exited with code SIGTERM
[2026-02-24T13:23:57.007Z] --> Sending SIGTERM to other processes..
[2026-02-24T13:23:57.016Z] [1] λ Bundled 81ms node_modules/expo-router/node/render.js (1 module)
[2026-02-24T13:23:57.109Z] [1] pnpm dev:metro exited with code SIGTERM
[2026-02-24T13:23:57.116Z] Dev server exited with code -15
[2026-02-24T13:23:59.889Z] Starting dev server with command: pnpm run dev
[2026-02-24T13:24:00.955Z] 
[2026-02-24T13:24:00.956Z] > app-template@1.0.0 dev /home/ubuntu/sf-admin-quiz
[2026-02-24T13:24:00.956Z] > concurrently -k "pnpm dev:server" "pnpm dev:metro"
[2026-02-24T13:24:00.957Z] 
[2026-02-24T13:24:01.721Z] [1]
[2026-02-24T13:24:01.722Z] [1] > app-template@1.0.0 dev:metro /home/ubuntu/sf-admin-quiz
[2026-02-24T13:24:01.723Z] [1] > cross-env EXPO_USE_METRO_WORKSPACE_ROOT=1 npx expo start --web --port ${EXPO_PORT:-8081}
[2026-02-24T13:24:01.723Z] [1]
[2026-02-24T13:24:01.892Z] [0]
[2026-02-24T13:24:01.893Z] [0] > app-template@1.0.0 dev:server /home/ubuntu/sf-admin-quiz
[2026-02-24T13:24:01.894Z] [0] > cross-env NODE_ENV=development tsx watch server/_core/index.ts
[2026-02-24T13:24:01.894Z] [0]
[2026-02-24T13:24:02.428Z] [1] Starting project at /home/ubuntu/sf-admin-quiz
[2026-02-24T13:24:02.991Z] [1] EXPO_USE_METRO_WORKSPACE_ROOT is enabled by default, use EXPO_NO_METRO_WORKSPACE_ROOT instead to disable.
[2026-02-24T13:24:03.385Z] [1] EXPO_USE_METRO_WORKSPACE_ROOT is enabled by default, use EXPO_NO_METRO_WORKSPACE_ROOT instead to disable.
[2026-02-24T13:24:03.386Z] [1] EXPO_USE_METRO_WORKSPACE_ROOT is enabled by default, use EXPO_NO_METRO_WORKSPACE_ROOT instead to disable.
[2026-02-24T13:24:03.387Z] [1] EXPO_USE_METRO_WORKSPACE_ROOT is enabled by default, use EXPO_NO_METRO_WORKSPACE_ROOT instead to disable.
[2026-02-24T13:24:03.392Z] [1] React Compiler enabled
[2026-02-24T13:24:03.879Z] [1] Starting Metro Bundler
[2026-02-24T13:24:03.938Z] [1] EXPO_USE_METRO_WORKSPACE_ROOT is enabled by default, use EXPO_NO_METRO_WORKSPACE_ROOT instead to disable.
[2026-02-24T13:24:05.834Z] [0] [OAuth] Initialized with baseURL: https://api.manus.im
[2026-02-24T13:24:05.946Z] [1] EXPO_USE_METRO_WORKSPACE_ROOT is enabled by default, use EXPO_NO_METRO_WORKSPACE_ROOT instead to disable.
[2026-02-24T13:24:05.950Z] [1] EXPO_USE_METRO_WORKSPACE_ROOT is enabled by default, use EXPO_NO_METRO_WORKSPACE_ROOT instead to disable.
[2026-02-24T13:24:05.989Z] [0] [api] server listening on port 3000
[2026-02-24T13:24:08.833Z] [1] EXPO_USE_METRO_WORKSPACE_ROOT is enabled by default, use EXPO_NO_METRO_WORKSPACE_ROOT instead to disable.
[2026-02-24T13:24:08.835Z] [1] EXPO_USE_METRO_WORKSPACE_ROOT is enabled by default, use EXPO_NO_METRO_WORKSPACE_ROOT instead to disable.
[2026-02-24T13:24:10.524Z] [1] EXPO_USE_METRO_WORKSPACE_ROOT is enabled by default, use EXPO_NO_METRO_WORKSPACE_ROOT instead to disable.
[2026-02-24T13:24:10.525Z] [1] EXPO_USE_METRO_WORKSPACE_ROOT is enabled by default, use EXPO_NO_METRO_WORKSPACE_ROOT instead to disable.
[2026-02-24T13:24:11.450Z] [1] EXPO_USE_METRO_WORKSPACE_ROOT is enabled by default, use EXPO_NO_METRO_WORKSPACE_ROOT instead to disable.
[2026-02-24T13:24:11.451Z] [1] EXPO_USE_METRO_WORKSPACE_ROOT is enabled by default, use EXPO_NO_METRO_WORKSPACE_ROOT instead to disable.
[2026-02-24T13:24:11.588Z] [1] Web node_modules/expo-router/entry.js ░░░░░░░░░░░░░░░░  0.0% (0/1)
[2026-02-24T13:24:11.589Z] [1] λ node_modules/expo-router/node/render.js ░░░░░░░░░░░░░░░░  0.0% (0/1)
[2026-02-24T13:24:11.589Z] [1] Web node_modules/expo-router/entry.js ░░░░░░░░░░░░░░░░  0.0% (0/1)
[2026-02-24T13:24:11.590Z] [1] λ node_modules/expo-router/node/render.js ░░░░░░░░░░░░░░░░  0.0% (0/1)
[2026-02-24T13:24:11.590Z] [1] Web node_modules/expo-router/entry.js ░░░░░░░░░░░░░░░░  0.0% (0/1)
[2026-02-24T13:24:11.590Z] [1] λ node_modules/expo-router/node/render.js ░░░░░░░░░░░░░░░░  0.0% (0/1)
[2026-02-24T13:24:11.591Z] [1] Web node_modules/expo-router/entry.js ░░░░░░░░░░░░░░░░  0.0% (0/1)
[2026-02-24T13:24:11.591Z] [1] λ node_modules/expo-router/node/render.js ░░░░░░░░░░░░░░░░  0.0% (0/1)
[2026-02-24T13:24:13.643Z] [1] The following packages should be updated for best compatibility with the installed expo version:
[2026-02-24T13:24:13.644Z] [1]   expo@54.0.29 - expected version: ~54.0.33
[2026-02-24T13:24:13.644Z] [1]   expo-audio@1.1.0 - expected version: ~1.1.1
[2026-02-24T13:24:13.645Z] [1]   expo-constants@18.0.12 - expected version: ~18.0.13
[2026-02-24T13:24:13.645Z] [1]   expo-font@14.0.10 - expected version: ~14.0.11
[2026-02-24T13:24:13.645Z] [1]   expo-linking@8.0.10 - expected version: ~8.0.11
[2026-02-24T13:24:13.646Z] [1]   expo-notifications@0.32.15 - expected version: ~0.32.16
[2026-02-24T13:24:13.646Z] [1]   expo-router@6.0.19 - expected version: ~6.0.23
[2026-02-24T13:24:13.646Z] [1]   expo-splash-screen@31.0.12 - expected version: ~31.0.13
[2026-02-24T13:24:13.647Z] [1]   expo-video@3.0.15 - expected version: ~3.0.16
[2026-02-24T13:24:13.647Z] [1] Your project may not work correctly until you install the expected versions of the packages.
[2026-02-24T13:24:13.651Z] [1] EXPO_USE_METRO_WORKSPACE_ROOT is enabled by default, use EXPO_NO_METRO_WORKSPACE_ROOT instead to disable.
[2026-02-24T13:24:13.652Z] [1] EXPO_USE_METRO_WORKSPACE_ROOT is enabled by default, use EXPO_NO_METRO_WORKSPACE_ROOT instead to disable.
[2026-02-24T13:24:13.709Z] [1] Waiting on http://localhost:8081
[2026-02-24T13:24:13.711Z] [1] Logs for your project will appear below.
[2026-02-24T13:24:13.711Z] [1] Web node_modules/expo-router/entry.js ▓▓▓▓▓▓▓▓▓▓▓▓▓▓▓░ 95.2% (1244/1275)
[2026-02-24T13:24:13.712Z] [1] λ node_modules/expo-router/node/render.js ▓▓▓▓▓▓▓▓▓▓▓▓▓░░░ 83.3% ( 992/1087)
[2026-02-24T13:24:13.712Z] [1] Web node_modules/expo-router/entry.js ░░░░░░░░░░░░░░░░  0.0% (0/1)
[2026-02-24T13:24:13.713Z] [1] λ node_modules/expo-router/node/render.js ░░░░░░░░░░░░░░░░  0.0% (0/1)
[2026-02-24T13:24:13.713Z] [1] Web node_modules/expo-router/entry.js ░░░░░░░░░░░░░░░░  0.0% (0/1)
[2026-02-24T13:24:13.714Z] [1] λ node_modules/expo-router/node/render.js ░░░░░░░░░░░░░░░░  0.0% (0/1)
[2026-02-24T13:24:13.714Z] [1] Web node_modules/expo-router/entry.js ░░░░░░░░░░░░░░░░  0.0% (0/1)
[2026-02-24T13:24:13.715Z] [1] λ node_modules/expo-router/node/render.js ░░░░░░░░░░░░░░░░  0.0% (0/1)
[2026-02-24T13:24:13.715Z] [1] Web node_modules/expo-router/entry.js ░░░░░░░░░░░░░░░░  0.0% (0/1)
[2026-02-24T13:24:13.715Z] [1] λ node_modules/expo-router/node/render.js ░░░░░░░░░░░░░░░░  0.0% (0/1)
[2026-02-24T13:24:13.939Z] [1] λ Bundled 2380ms node_modules/expo-router/node/render.js (1307 modules)
[2026-02-24T13:24:14.846Z] [1] λ Bundled 2538ms node_modules/expo-router/node/render.js (1 module)
[2026-02-24T13:24:14.846Z] [1] λ Bundled 2629ms node_modules/expo-router/node/render.js (1 module)
[2026-02-24T13:24:14.847Z] [1] λ Bundled 2664ms node_modules/expo-router/node/render.js (1 module)
[2026-02-24T13:24:14.847Z] [1] λ Bundled 605ms node_modules/expo-router/node/render.js (1 module)
[2026-02-24T13:24:17.970Z] [1] EXPO_USE_METRO_WORKSPACE_ROOT is enabled by default, use EXPO_NO_METRO_WORKSPACE_ROOT instead to disable.
[2026-02-24T13:24:17.972Z] [1] EXPO_USE_METRO_WORKSPACE_ROOT is enabled by default, use EXPO_NO_METRO_WORKSPACE_ROOT instead to disable.
[2026-02-24T13:24:17.975Z] [1] Web node_modules/expo-router/entry.js ▓▓▓▓▓▓▓▓▓▓▓▓▓▓▓░ 99.9% (1365/1365)
[2026-02-24T13:24:17.975Z] [1] Web node_modules/expo-router/entry.js ░░░░░░░░░░░░░░░░  0.0% (0/1)
[2026-02-24T13:24:17.976Z] [1] Web node_modules/expo-router/entry.js ░░░░░░░░░░░░░░░░  0.0% (0/1)
[2026-02-24T13:24:17.976Z] [1] Web node_modules/expo-router/entry.js ░░░░░░░░░░░░░░░░  0.0% (0/1)
[2026-02-24T13:24:17.977Z] [1] Web node_modules/expo-router/entry.js ░░░░░░░░░░░░░░░░  0.0% (0/1)
[2026-02-24T13:24:17.977Z] [1] Web node_modules/expo-router/entry.js ░░░░░░░░░░░░░░░░  0.0% (0/1)
[2026-02-24T13:24:18.132Z] [1] EXPO_USE_METRO_WORKSPACE_ROOT is enabled by default, use EXPO_NO_METRO_WORKSPACE_ROOT instead to disable.
[2026-02-24T13:24:18.134Z] [1] EXPO_USE_METRO_WORKSPACE_ROOT is enabled by default, use EXPO_NO_METRO_WORKSPACE_ROOT instead to disable.
[2026-02-24T13:24:18.384Z] [1] λ Bundled 63ms node_modules/expo-router/node/render.js (1 module)
[2026-02-24T13:24:18.385Z] [1] λ Bundled 63ms node_modules/expo-router/node/render.js (1 module)
[2026-02-24T13:24:18.852Z] [1] Web Bundled 7294ms node_modules/expo-router/entry.js (1365 modules)
[2026-02-24T13:24:19.033Z] [1] Web Bundled 7332ms node_modules/expo-router/entry.js (1 module)
[2026-02-24T13:24:19.034Z] [1] Web Bundled 7368ms node_modules/expo-router/entry.js (1 module)
[2026-02-24T13:24:19.034Z] [1] Web Bundled 7401ms node_modules/expo-router/entry.js (1 module)
[2026-02-24T13:24:19.035Z] [1] Web Bundled 5341ms node_modules/expo-router/entry.js (1 module)
[2026-02-24T13:24:19.038Z] [1] エラー: Premature close
[2026-02-24T13:24:19.039Z] [1]     at onclose (node:internal/streams/end-of-stream:158:30)
[2026-02-24T13:24:19.039Z] [1]     at processTicksAndRejections (node:internal/process/task_queues:85:11)
[2026-02-24T13:24:19.040Z] [1] エラー: Premature close
[2026-02-24T13:24:19.040Z] [1]     at onclose (node:internal/streams/end-of-stream:158:30)
[2026-02-24T13:24:19.040Z] [1]     at processTicksAndRejections (node:internal/process/task_queues:85:11)
[2026-02-24T13:24:19.041Z] [1] エラー: Premature close
[2026-02-24T13:24:19.041Z] [1]     at onclose (node:internal/streams/end-of-stream:158:30)
[2026-02-24T13:24:19.042Z] [1]     at processTicksAndRejections (node:internal/process/task_queues:85:11)
[2026-02-24T13:24:19.042Z] [1] エラー: Premature close
[2026-02-24T13:24:19.042Z] [1]     at onclose (node:internal/streams/end-of-stream:158:30)
[2026-02-24T13:24:19.043Z] [1]     at processTicksAndRejections (node:internal/process/task_queues:85:11)
[2026-02-24T13:24:19.043Z] [1] エラー: Premature close
[2026-02-24T13:24:19.044Z] [1]     at onclose (node:internal/streams/end-of-stream:158:30)
[2026-02-24T13:24:19.044Z] [1]     at processTicksAndRejections (node:internal/process/task_queues:85:11)
[2026-02-24T13:24:19.045Z] [1] Web Bundled 1070ms node_modules/expo-router/entry.js (1 module)
[2026-02-24T13:24:19.119Z] [1] エラー: Premature close
[2026-02-24T13:24:19.120Z] [1]     at onclose (node:internal/streams/end-of-stream:158:30)
[2026-02-24T13:24:19.120Z] [1]     at processTicksAndRejections (node:internal/process/task_queues:85:11)
[2026-02-24T13:24:19.122Z] [1] Web Bundled 947ms node_modules/expo-router/entry.js (1 module)
[2026-02-24T13:24:19.273Z] [1] EXPO_USE_METRO_WORKSPACE_ROOT is enabled by default, use EXPO_NO_METRO_WORKSPACE_ROOT instead to disable.
[2026-02-24T13:24:19.275Z] [1] EXPO_USE_METRO_WORKSPACE_ROOT is enabled by default, use EXPO_NO_METRO_WORKSPACE_ROOT instead to disable.
[2026-02-24T13:24:19.470Z] [1] λ Bundled 50ms node_modules/expo-router/node/render.js (1 module)
[2026-02-24T13:24:19.737Z] [1] Web Bundled 460ms node_modules/expo-router/entry.js (1 module)
[2026-02-24T13:24:21.130Z] [1] Web Bundled 1542ms node_modules/expo-router/entry.js (1275 modules)
[2026-02-24T13:24:21.565Z] [1] Web Bundled 55ms node_modules/expo-router/entry.js (1 module)
[2026-02-24T13:24:22.402Z] [1]  LOG  [web] Logs will appear in the browser console
[2026-02-24T13:24:22.857Z] [0] [Auth] verifySession called with token: eyJhbGciOiJIUzI1NiIsInR5cCI6IkpXVCJ9.eyJvcGVuSWQiO...
[2026-02-24T13:24:22.858Z] [0] [Auth] Secret key obtained
[2026-02-24T13:24:22.862Z] [0] [Auth] JWT verified successfully
[2026-02-24T13:24:22.864Z] [0] [Auth] Payload extracted: {
[2026-02-24T13:24:22.864Z] [0]   openId: 'email_5fe6cfb174127c7bfd7e612ace865d43',
[2026-02-24T13:24:22.864Z] [0]   appId: 'VQL5eys5uVx6Y3Mq382g4p',
[2026-02-24T13:24:22.865Z] [0]   name: ''
[2026-02-24T13:24:22.865Z] [0] }
[2026-02-24T13:24:22.971Z] [1]  LOG  [web] Logs will appear in the browser console
[2026-02-24T13:24:24.675Z] [0] [Auth] verifySession called with token: eyJhbGciOiJIUzI1NiIsInR5cCI6IkpXVCJ9.eyJvcGVuSWQiO...
[2026-02-24T13:24:24.676Z] [0] [Auth] Secret key obtained
[2026-02-24T13:24:24.677Z] [0] [Auth] JWT verified successfully
[2026-02-24T13:24:24.677Z] [0] [Auth] Payload extracted: {
[2026-02-24T13:24:24.678Z] [0]   openId: 'email_5fe6cfb174127c7bfd7e612ace865d43',
[2026-02-24T13:24:24.678Z] [0]   appId: 'VQL5eys5uVx6Y3Mq382g4p',
[2026-02-24T13:24:24.679Z] [0]   name: ''
[2026-02-24T13:24:24.679Z] [0] }
[2026-02-24T13:24:25.217Z] [0] [Auth] verifySession called with token: eyJhbGciOiJIUzI1NiIsInR5cCI6IkpXVCJ9.eyJvcGVuSWQiO...
[2026-02-24T13:24:25.218Z] [0] [Auth] Secret key obtained
[2026-02-24T13:24:25.218Z] [0] [Auth] JWT verified successfully
[2026-02-24T13:24:25.218Z] [0] [Auth] Payload extracted: {
[2026-02-24T13:24:25.219Z] [0]   openId: 'email_5fe6cfb174127c7bfd7e612ace865d43',
[2026-02-24T13:24:25.219Z] [0]   appId: 'VQL5eys5uVx6Y3Mq382g4p',
[2026-02-24T13:24:25.219Z] [0]   name: ''
[2026-02-24T13:24:25.220Z] [0] }
[2026-02-24T13:24:26.048Z] [0] [Auth] verifySession called with token: eyJhbGciOiJIUzI1NiIsInR5cCI6IkpXVCJ9.eyJvcGVuSWQiO...
[2026-02-24T13:24:26.049Z] [0] [Auth] Secret key obtained
[2026-02-24T13:24:26.050Z] [0] [Auth] JWT verified successfully
[2026-02-24T13:24:26.050Z] [0] [Auth] Payload extracted: {
[2026-02-24T13:24:26.050Z] [0]   openId: 'email_5fe6cfb174127c7bfd7e612ace865d43',
[2026-02-24T13:24:26.050Z] [0]   appId: 'VQL5eys5uVx6Y3Mq382g4p',
[2026-02-24T13:24:26.051Z] [0]   name: ''
[2026-02-24T13:24:26.051Z] [0] }
[2026-02-24T13:24:40.933Z] [1] EXPO_USE_METRO_WORKSPACE_ROOT is enabled by default, use EXPO_NO_METRO_WORKSPACE_ROOT instead to disable.
[2026-02-24T13:24:40.935Z] [1] EXPO_USE_METRO_WORKSPACE_ROOT is enabled by default, use EXPO_NO_METRO_WORKSPACE_ROOT instead to disable.
[2026-02-24T13:24:40.937Z] [1] Web node_modules/expo-router/entry.js ░░░░░░░░░░░░░░░░  0.0% (0/1)
[2026-02-24T13:24:41.142Z] [1] λ Bundled 60ms node_modules/expo-router/node/render.js (1 module)
[2026-02-24T13:24:41.403Z] [1] Web Bundled 465ms node_modules/expo-router/entry.js (1 module)
[2026-02-24T13:24:41.576Z] [1] Web Bundled 79ms node_modules/expo-router/entry.js (1 module)
[2026-02-24T13:24:42.099Z] [1]  LOG  [web] Logs will appear in the browser console
[2026-02-24T13:24:42.360Z] [0] [Auth] Missing session cookie
[2026-02-24T13:24:42.366Z] [0] [Auth] /api/auth/me failed: HttpError: Invalid session cookie
[2026-02-24T13:24:42.366Z] [0]     at ForbiddenError (/home/ubuntu/sf-admin-quiz/shared/_core/errors.ts:18:48)
[2026-02-24T13:24:42.367Z] [0]     at SDKServer.authenticateRequest (/home/ubuntu/sf-admin-quiz/server/_core/sdk.ts:253:13)
[2026-02-24T13:24:42.367Z] [0]     at process.processTicksAndRejections (node:internal/process/task_queues:105:5)
[2026-02-24T13:24:42.367Z] [0]     at async <anonymous> (/home/ubuntu/sf-admin-quiz/server/_core/oauth.ts:174:20) {
[2026-02-24T13:24:42.367Z] [0]   statusCode: 403
[2026-02-24T13:24:42.368Z] [0] }
[2026-02-24T13:24:42.623Z] [0] [Auth] Missing session cookie
[2026-02-24T13:24:42.624Z] [0] [Auth] /api/auth/me failed: HttpError: Invalid session cookie
[2026-02-24T13:24:42.624Z] [0]     at ForbiddenError (/home/ubuntu/sf-admin-quiz/shared/_core/errors.ts:18:48)
[2026-02-24T13:24:42.625Z] [0]     at SDKServer.authenticateRequest (/home/ubuntu/sf-admin-quiz/server/_core/sdk.ts:253:13)
[2026-02-24T13:24:42.625Z] [0]     at process.processTicksAndRejections (node:internal/process/task_queues:105:5)
[2026-02-24T13:24:42.625Z] [0]     at async <anonymous> (/home/ubuntu/sf-admin-quiz/server/_core/oauth.ts:174:20) {
[2026-02-24T13:24:42.626Z] [0]   statusCode: 403
[2026-02-24T13:24:42.626Z] [0] }
[2026-02-24T13:24:42.630Z] [0] [Auth] Missing session cookie
[2026-02-24T13:24:42.631Z] [0] [Auth] /api/auth/me failed: HttpError: Invalid session cookie
[2026-02-24T13:24:42.632Z] [0]     at ForbiddenError (/home/ubuntu/sf-admin-quiz/shared/_core/errors.ts:18:48)
[2026-02-24T13:24:42.632Z] [0]     at SDKServer.authenticateRequest (/home/ubuntu/sf-admin-quiz/server/_core/sdk.ts:253:13)
[2026-02-24T13:24:42.633Z] [0]     at process.processTicksAndRejections (node:internal/process/task_queues:105:5)
[2026-02-24T13:24:42.633Z] [0]     at async <anonymous> (/home/ubuntu/sf-admin-quiz/server/_core/oauth.ts:174:20) {
[2026-02-24T13:24:42.634Z] [0]   statusCode: 403
[2026-02-24T13:24:42.634Z] [0] }
[2026-02-24T13:25:00.946Z] [1] EXPO_USE_METRO_WORKSPACE_ROOT is enabled by default, use EXPO_NO_METRO_WORKSPACE_ROOT instead to disable.
[2026-02-24T13:25:00.947Z] [1] EXPO_USE_METRO_WORKSPACE_ROOT is enabled by default, use EXPO_NO_METRO_WORKSPACE_ROOT instead to disable.
[2026-02-24T13:25:00.950Z] [1] Web node_modules/expo-router/entry.js ░░░░░░░░░░░░░░░░  0.0% (0/1)
[2026-02-24T13:25:01.155Z] [1] λ Bundled 66ms node_modules/expo-router/node/render.js (1 module)
[2026-02-24T13:25:01.346Z] [1] Web Bundled 397ms node_modules/expo-router/entry.js (1 module)
[2026-02-24T13:25:01.480Z] [1] Web Bundled 67ms node_modules/expo-router/entry.js (1 module)
[2026-02-24T13:25:02.001Z] [1]  LOG  [web] Logs will appear in the browser console
[2026-02-24T13:25:02.223Z] [0] [Auth] Missing session cookie
[2026-02-24T13:25:02.224Z] [0] [Auth] /api/auth/me failed: HttpError: Invalid session cookie
[2026-02-24T13:25:02.225Z] [0]     at ForbiddenError (/home/ubuntu/sf-admin-quiz/shared/_core/errors.ts:18:48)
[2026-02-24T13:25:02.225Z] [0]     at SDKServer.authenticateRequest (/home/ubuntu/sf-admin-quiz/server/_core/sdk.ts:253:13)
[2026-02-24T13:25:02.226Z] [0]     at process.processTicksAndRejections (node:internal/process/task_queues:105:5)
[2026-02-24T13:25:02.226Z] [0]     at async <anonymous> (/home/ubuntu/sf-admin-quiz/server/_core/oauth.ts:174:20) {
[2026-02-24T13:25:02.226Z] [0]   statusCode: 403
[2026-02-24T13:25:02.227Z] [0] }
[2026-02-24T13:25:02.449Z] [0] [Auth] Missing session cookie
[2026-02-24T13:25:02.450Z] [0] [Auth] /api/auth/me failed: HttpError: Invalid session cookie
[2026-02-24T13:25:02.450Z] [0]     at ForbiddenError (/home/ubuntu/sf-admin-quiz/shared/_core/errors.ts:18:48)
[2026-02-24T13:25:02.450Z] [0]     at SDKServer.authenticateRequest (/home/ubuntu/sf-admin-quiz/server/_core/sdk.ts:253:13)
[2026-02-24T13:25:02.451Z] [0]     at process.processTicksAndRejections (node:internal/process/task_queues:105:5)
[2026-02-24T13:25:02.451Z] [0]     at async <anonymous> (/home/ubuntu/sf-admin-quiz/server/_core/oauth.ts:174:20) {
[2026-02-24T13:25:02.452Z] [0]   statusCode: 403
[2026-02-24T13:25:02.452Z] [0] }
[2026-02-24T13:25:02.459Z] [0] [Auth] Missing session cookie
[2026-02-24T13:25:02.460Z] [0] [Auth] /api/auth/me failed: HttpError: Invalid session cookie
[2026-02-24T13:25:02.460Z] [0]     at ForbiddenError (/home/ubuntu/sf-admin-quiz/shared/_core/errors.ts:18:48)
[2026-02-24T13:25:02.461Z] [0]     at SDKServer.authenticateRequest (/home/ubuntu/sf-admin-quiz/server/_core/sdk.ts:253:13)
[2026-02-24T13:25:02.461Z] [0]     at process.processTicksAndRejections (node:internal/process/task_queues:105:5)
[2026-02-24T13:25:02.461Z] [0]     at async <anonymous> (/home/ubuntu/sf-admin-quiz/server/_core/oauth.ts:174:20) {
[2026-02-24T13:25:02.462Z] [0]   statusCode: 403
[2026-02-24T13:25:02.462Z] [0] }
[2026-02-24T13:25:32.413Z] [1] EXPO_USE_METRO_WORKSPACE_ROOT is enabled by default, use EXPO_NO_METRO_WORKSPACE_ROOT instead to disable.
[2026-02-24T13:25:32.415Z] [1] EXPO_USE_METRO_WORKSPACE_ROOT is enabled by default, use EXPO_NO_METRO_WORKSPACE_ROOT instead to disable.
[2026-02-24T13:25:32.417Z] [1] Web node_modules/expo-router/entry.js ░░░░░░░░░░░░░░░░  0.0% (0/1)
[2026-02-24T13:25:32.624Z] [1] λ Bundled 63ms node_modules/expo-router/node/render.js (1 module)
[2026-02-24T13:25:32.984Z] [1] Web Bundled 567ms node_modules/expo-router/entry.js (1 module)
[2026-02-24T13:25:33.152Z] [1] Web Bundled 76ms node_modules/expo-router/entry.js (1 module)
[2026-02-24T13:25:33.757Z] [1]  LOG  [web] Logs will appear in the browser console
[2026-02-24T13:25:33.985Z] [0] [Auth] Missing session cookie
[2026-02-24T13:25:33.986Z] [0] [Auth] /api/auth/me failed: HttpError: Invalid session cookie
[2026-02-24T13:25:33.987Z] [0]     at ForbiddenError (/home/ubuntu/sf-admin-quiz/shared/_core/errors.ts:18:48)
[2026-02-24T13:25:33.987Z] [0]     at SDKServer.authenticateRequest (/home/ubuntu/sf-admin-quiz/server/_core/sdk.ts:253:13)
[2026-02-24T13:25:33.988Z] [0]     at process.processTicksAndRejections (node:internal/process/task_queues:105:5)
[2026-02-24T13:25:33.988Z] [0]     at async <anonymous> (/home/ubuntu/sf-admin-quiz/server/_core/oauth.ts:174:20) {
[2026-02-24T13:25:33.989Z] [0]   statusCode: 403
[2026-02-24T13:25:33.989Z] [0] }
[2026-02-24T13:25:34.224Z] [0] [Auth] Missing session cookie
[2026-02-24T13:25:34.225Z] [0] [Auth] /api/auth/me failed: HttpError: Invalid session cookie
[2026-02-24T13:25:34.226Z] [0]     at ForbiddenError (/home/ubuntu/sf-admin-quiz/shared/_core/errors.ts:18:48)
[2026-02-24T13:25:34.226Z] [0]     at SDKServer.authenticateRequest (/home/ubuntu/sf-admin-quiz/server/_core/sdk.ts:253:13)
[2026-02-24T13:25:34.226Z] [0]     at process.processTicksAndRejections (node:internal/process/task_queues:105:5)
[2026-02-24T13:25:34.227Z] [0]     at async <anonymous> (/home/ubuntu/sf-admin-quiz/server/_core/oauth.ts:174:20) {
[2026-02-24T13:25:34.232Z] [0]   statusCode: 403
[2026-02-24T13:25:34.233Z] [0] }
[2026-02-24T13:25:34.234Z] [0] [Auth] Missing session cookie
[2026-02-24T13:25:34.235Z] [0] [Auth] /api/auth/me failed: HttpError: Invalid session cookie
[2026-02-24T13:25:34.236Z] [0]     at ForbiddenError (/home/ubuntu/sf-admin-quiz/shared/_core/errors.ts:18:48)
[2026-02-24T13:25:34.236Z] [0]     at SDKServer.authenticateRequest (/home/ubuntu/sf-admin-quiz/server/_core/sdk.ts:253:13)
[2026-02-24T13:25:34.237Z] [0]     at process.processTicksAndRejections (node:internal/process/task_queues:105:5)
[2026-02-24T13:25:34.238Z] [0]     at async <anonymous> (/home/ubuntu/sf-admin-quiz/server/_core/oauth.ts:174:20) {
[2026-02-24T13:25:34.243Z] [0]   statusCode: 403
[2026-02-24T13:25:34.244Z] [0] }
[2026-02-24T13:43:42.034Z] [1] EXPO_USE_METRO_WORKSPACE_ROOT is enabled by default, use EXPO_NO_METRO_WORKSPACE_ROOT instead to disable.
[2026-02-24T13:43:42.036Z] [1] EXPO_USE_METRO_WORKSPACE_ROOT is enabled by default, use EXPO_NO_METRO_WORKSPACE_ROOT instead to disable.
[2026-02-24T13:43:42.038Z] [1] Web node_modules/expo-router/entry.js ░░░░░░░░░░░░░░░░  0.0% (0/1)
[2026-02-24T13:43:42.243Z] [1] λ Bundled 64ms node_modules/expo-router/node/render.js (1 module)
[2026-02-24T13:43:42.475Z] [1] Web Bundled 437ms node_modules/expo-router/entry.js (1 module)
[2026-02-24T13:43:42.734Z] [1] Web Bundled 57ms node_modules/expo-router/entry.js (1 module)
[2026-02-24T13:43:44.113Z] [1]  LOG  [web] Logs will appear in the browser console
[2026-02-24T13:43:44.326Z] [0] [Auth] verifySession called with token: eyJhbGciOiJIUzI1NiIsInR5cCI6IkpXVCJ9.eyJvcGVuSWQiO...
[2026-02-24T13:43:44.327Z] [0] [Auth] Secret key obtained
[2026-02-24T13:43:44.328Z] [0] [Auth] JWT verified successfully
[2026-02-24T13:43:44.328Z] [0] [Auth] Payload extracted: {
[2026-02-24T13:43:44.328Z] [0]   openId: 'email_5fe6cfb174127c7bfd7e612ace865d43',
[2026-02-24T13:43:44.329Z] [0]   appId: 'VQL5eys5uVx6Y3Mq382g4p',
[2026-02-24T13:43:44.329Z] [0]   name: ''
[2026-02-24T13:43:44.329Z] [0] }
[2026-02-24T13:43:47.795Z] [0] [Auth] verifySession called with token: eyJhbGciOiJIUzI1NiIsInR5cCI6IkpXVCJ9.eyJvcGVuSWQiO...
[2026-02-24T13:43:47.795Z] [0] [Auth] Secret key obtained
[2026-02-24T13:43:47.796Z] [0] [Auth] JWT verified successfully
[2026-02-24T13:43:47.796Z] [0] [Auth] Payload extracted: {
[2026-02-24T13:43:47.796Z] [0]   openId: 'email_5fe6cfb174127c7bfd7e612ace865d43',
[2026-02-24T13:43:47.797Z] [0]   appId: 'VQL5eys5uVx6Y3Mq382g4p',
[2026-02-24T13:43:47.797Z] [0]   name: ''
[2026-02-24T13:43:47.797Z] [0] }
[2026-02-24T13:59:23.658Z] [1] EXPO_USE_METRO_WORKSPACE_ROOT is enabled by default, use EXPO_NO_METRO_WORKSPACE_ROOT instead to disable.
[2026-02-24T13:59:23.660Z] [1] EXPO_USE_METRO_WORKSPACE_ROOT is enabled by default, use EXPO_NO_METRO_WORKSPACE_ROOT instead to disable.
[2026-02-24T13:59:23.662Z] [1] Web node_modules/expo-router/entry.js ░░░░░░░░░░░░░░░░  0.0% (0/1)
[2026-02-24T13:59:23.854Z] [1] λ Bundled 59ms node_modules/expo-router/node/render.js (1 module)
[2026-02-24T13:59:24.060Z] [1] Web Bundled 397ms node_modules/expo-router/entry.js (1 module)
[2026-02-24T13:59:24.256Z] [1] Web Bundled 84ms node_modules/expo-router/entry.js (1 module)
[2026-02-24T13:59:24.813Z] [1]  LOG  [web] Logs will appear in the browser console
[2026-02-24T13:59:25.039Z] [0] [Auth] verifySession called with token: eyJhbGciOiJIUzI1NiIsInR5cCI6IkpXVCJ9.eyJvcGVuSWQiO...
[2026-02-24T13:59:25.040Z] [0] [Auth] Secret key obtained
[2026-02-24T13:59:25.041Z] [0] [Auth] JWT verified successfully
[2026-02-24T13:59:25.041Z] [0] [Auth] Payload extracted: {
[2026-02-24T13:59:25.041Z] [0]   openId: '2MprTaSaFNhY5z3UBRuCxd',
[2026-02-24T13:59:25.042Z] [0]   appId: 'VQL5eys5uVx6Y3Mq382g4p',
[2026-02-24T13:59:25.042Z] [0]   name: '川本祐也'
[2026-02-24T13:59:25.042Z] [0] }
[2026-02-24T13:59:25.696Z] [0] [Auth] verifySession called with token: eyJhbGciOiJIUzI1NiIsInR5cCI6IkpXVCJ9.eyJvcGVuSWQiO...
[2026-02-24T13:59:25.696Z] [0] [Auth] Secret key obtained
[2026-02-24T13:59:25.697Z] [0] [Auth] JWT verified successfully
[2026-02-24T13:59:25.697Z] [0] [Auth] Payload extracted: {
[2026-02-24T13:59:25.698Z] [0]   openId: '2MprTaSaFNhY5z3UBRuCxd',
[2026-02-24T13:59:25.698Z] [0]   appId: 'VQL5eys5uVx6Y3Mq382g4p',
[2026-02-24T13:59:25.698Z] [0]   name: '川本祐也'
[2026-02-24T13:59:25.699Z] [0] }
[2026-02-24T14:02:12.697Z] [1] EXPO_USE_METRO_WORKSPACE_ROOT is enabled by default, use EXPO_NO_METRO_WORKSPACE_ROOT instead to disable.
[2026-02-24T14:02:12.701Z] [1] EXPO_USE_METRO_WORKSPACE_ROOT is enabled by default, use EXPO_NO_METRO_WORKSPACE_ROOT instead to disable.
[2026-02-24T14:02:12.703Z] [1] Web node_modules/expo-router/entry.js ░░░░░░░░░░░░░░░░  0.0% (0/1)
[2026-02-24T14:02:12.935Z] [1] λ Bundled 80ms node_modules/expo-router/node/render.js (1 module)
[2026-02-24T14:02:13.227Z] [1] Web Bundled 524ms node_modules/expo-router/entry.js (1 module)
[2026-02-24T14:02:13.491Z] [1] Web Bundled 105ms node_modules/expo-router/entry.js (1 module)
[2026-02-24T14:02:14.702Z] [1]  LOG  [web] Logs will appear in the browser console
[2026-02-24T14:02:14.979Z] [0] [Auth] verifySession called with token: eyJhbGciOiJIUzI1NiIsInR5cCI6IkpXVCJ9.eyJvcGVuSWQiO...
[2026-02-24T14:02:14.980Z] [0] [Auth] Secret key obtained
[2026-02-24T14:02:14.980Z] [0] [Auth] JWT verified successfully
[2026-02-24T14:02:14.980Z] [0] [Auth] Payload extracted: {
[2026-02-24T14:02:14.980Z] [0]   openId: 'email_5fe6cfb174127c7bfd7e612ace865d43',
[2026-02-24T14:02:14.981Z] [0]   appId: 'VQL5eys5uVx6Y3Mq382g4p',
[2026-02-24T14:02:14.981Z] [0]   name: ''
[2026-02-24T14:02:14.981Z] [0] }
[2026-02-24T14:02:15.599Z] [0] [Auth] verifySession called with token: eyJhbGciOiJIUzI1NiIsInR5cCI6IkpXVCJ9.eyJvcGVuSWQiO...
[2026-02-24T14:02:15.600Z] [0] [Auth] Secret key obtained
[2026-02-24T14:02:15.600Z] [0] [Auth] JWT verified successfully
[2026-02-24T14:02:15.601Z] [0] [Auth] Payload extracted: {
[2026-02-24T14:02:15.601Z] [0]   openId: 'email_5fe6cfb174127c7bfd7e612ace865d43',
[2026-02-24T14:02:15.601Z] [0]   appId: 'VQL5eys5uVx6Y3Mq382g4p',
[2026-02-24T14:02:15.602Z] [0]   name: ''
[2026-02-24T14:02:15.602Z] [0] }
[2026-02-24T14:05:57.616Z] [1] EXPO_USE_METRO_WORKSPACE_ROOT is enabled by default, use EXPO_NO_METRO_WORKSPACE_ROOT instead to disable.
[2026-02-24T14:05:57.617Z] [1] EXPO_USE_METRO_WORKSPACE_ROOT is enabled by default, use EXPO_NO_METRO_WORKSPACE_ROOT instead to disable.
[2026-02-24T14:05:57.619Z] [1] Web node_modules/expo-router/entry.js ░░░░░░░░░░░░░░░░  0.0% (0/1)
[2026-02-24T14:05:59.385Z] [1] λ Bundled 1765ms node_modules/expo-router/node/render.js (1 module)
[2026-02-24T14:05:59.823Z] [1] Web Bundled 2203ms node_modules/expo-router/entry.js (1 module)
[2026-02-24T14:06:00.017Z] [1] Web Bundled 56ms node_modules/expo-router/entry.js (1 module)
[2026-02-24T14:06:01.145Z] [1]  LOG  [web] Logs will appear in the browser console
[2026-02-24T14:06:01.251Z] [0] [Auth] verifySession called with token: eyJhbGciOiJIUzI1NiIsInR5cCI6IkpXVCJ9.eyJvcGVuSWQiO...
[2026-02-24T14:06:01.252Z] [0] [Auth] Secret key obtained
[2026-02-24T14:06:01.252Z] [0] [Auth] JWT verified successfully
[2026-02-24T14:06:01.253Z] [0] [Auth] Payload extracted: {
[2026-02-24T14:06:01.253Z] [0]   openId: 'email_5fe6cfb174127c7bfd7e612ace865d43',
[2026-02-24T14:06:01.254Z] [0]   appId: 'VQL5eys5uVx6Y3Mq382g4p',
[2026-02-24T14:06:01.254Z] [0]   name: ''
[2026-02-24T14:06:01.255Z] [0] }
[2026-02-24T14:06:01.878Z] [0] [Auth] verifySession called with token: eyJhbGciOiJIUzI1NiIsInR5cCI6IkpXVCJ9.eyJvcGVuSWQiO...
[2026-02-24T14:06:01.878Z] [0] [Auth] Secret key obtained
[2026-02-24T14:06:01.879Z] [0] [Auth] JWT verified successfully
[2026-02-24T14:06:01.879Z] [0] [Auth] Payload extracted: {
[2026-02-24T14:06:01.879Z] [0]   openId: 'email_5fe6cfb174127c7bfd7e612ace865d43',
[2026-02-24T14:06:01.880Z] [0]   appId: 'VQL5eys5uVx6Y3Mq382g4p',
[2026-02-24T14:06:01.880Z] [0]   name: ''
[2026-02-24T14:06:01.880Z] [0] }
[2026-02-24T14:06:43.942Z] [1] EXPO_USE_METRO_WORKSPACE_ROOT is enabled by default, use EXPO_NO_METRO_WORKSPACE_ROOT instead to disable.
[2026-02-24T14:06:43.944Z] [1] EXPO_USE_METRO_WORKSPACE_ROOT is enabled by default, use EXPO_NO_METRO_WORKSPACE_ROOT instead to disable.
[2026-02-24T14:06:43.946Z] [1] Web node_modules/expo-router/entry.js ░░░░░░░░░░░░░░░░  0.0% (0/1)
[2026-02-24T14:06:46.062Z] [1] λ Bundled 2115ms node_modules/expo-router/node/render.js (1 module)
[2026-02-24T14:06:46.741Z] [1] Web Bundled 2795ms node_modules/expo-router/entry.js (1 module)
[2026-02-24T14:06:46.968Z] [1] Web Bundled 78ms node_modules/expo-router/entry.js (1 module)
[2026-02-24T14:06:48.441Z] [1]  LOG  [web] Logs will appear in the browser console
[2026-02-24T14:06:48.503Z] [0] [Auth] verifySession called with token: eyJhbGciOiJIUzI1NiIsInR5cCI6IkpXVCJ9.eyJvcGVuSWQiO...
[2026-02-24T14:06:48.504Z] [0] [Auth] Secret key obtained
[2026-02-24T14:06:48.504Z] [0] [Auth] JWT verified successfully
[2026-02-24T14:06:48.505Z] [0] [Auth] Payload extracted: {
[2026-02-24T14:06:48.505Z] [0]   openId: 'email_5fe6cfb174127c7bfd7e612ace865d43',
[2026-02-24T14:06:48.505Z] [0]   appId: 'VQL5eys5uVx6Y3Mq382g4p',
[2026-02-24T14:06:48.506Z] [0]   name: ''
[2026-02-24T14:06:48.506Z] [0] }
[2026-02-24T14:06:49.196Z] [0] [Auth] verifySession called with token: eyJhbGciOiJIUzI1NiIsInR5cCI6IkpXVCJ9.eyJvcGVuSWQiO...
[2026-02-24T14:06:49.198Z] [0] [Auth] Secret key obtained
[2026-02-24T14:06:49.198Z] [0] [Auth] JWT verified successfully
[2026-02-24T14:06:49.199Z] [0] [Auth] Payload extracted: {
[2026-02-24T14:06:49.199Z] [0]   openId: 'email_5fe6cfb174127c7bfd7e612ace865d43',
[2026-02-24T14:06:49.200Z] [0]   appId: 'VQL5eys5uVx6Y3Mq382g4p',
[2026-02-24T14:06:49.200Z] [0]   name: ''
[2026-02-24T14:06:49.201Z] [0] }
[2026-02-24T14:11:32.948Z] [1] EXPO_USE_METRO_WORKSPACE_ROOT is enabled by default, use EXPO_NO_METRO_WORKSPACE_ROOT instead to disable.
[2026-02-24T14:11:32.950Z] [1] EXPO_USE_METRO_WORKSPACE_ROOT is enabled by default, use EXPO_NO_METRO_WORKSPACE_ROOT instead to disable.
[2026-02-24T14:11:32.952Z] [1] Web node_modules/expo-router/entry.js ░░░░░░░░░░░░░░░░  0.0% (0/1)
[2026-02-24T14:11:34.798Z] [1] λ Bundled 1846ms node_modules/expo-router/node/render.js (1 module)
[2026-02-24T14:11:35.424Z] [1] Web Bundled 2470ms node_modules/expo-router/entry.js (1 module)
[2026-02-24T14:11:35.626Z] [1] Web Bundled 63ms node_modules/expo-router/entry.js (1 module)
[2026-02-24T14:11:37.226Z] [1]  LOG  [web] Logs will appear in the browser console
[2026-02-24T14:11:37.534Z] [0] [Auth] verifySession called with token: eyJhbGciOiJIUzI1NiIsInR5cCI6IkpXVCJ9.eyJvcGVuSWQiO...
[2026-02-24T14:11:37.535Z] [0] [Auth] Secret key obtained
[2026-02-24T14:11:37.535Z] [0] [Auth] JWT verified successfully
[2026-02-24T14:11:37.536Z] [0] [Auth] Payload extracted: {
[2026-02-24T14:11:37.536Z] [0]   openId: 'email_5fe6cfb174127c7bfd7e612ace865d43',
[2026-02-24T14:11:37.536Z] [0]   appId: 'VQL5eys5uVx6Y3Mq382g4p',
[2026-02-24T14:11:37.536Z] [0]   name: ''
[2026-02-24T14:11:37.537Z] [0] }
[2026-02-24T14:11:38.147Z] [0] [Auth] verifySession called with token: eyJhbGciOiJIUzI1NiIsInR5cCI6IkpXVCJ9.eyJvcGVuSWQiO...
[2026-02-24T14:11:38.148Z] [0] [Auth] Secret key obtained
[2026-02-24T14:11:38.148Z] [0] [Auth] JWT verified successfully
[2026-02-24T14:11:38.149Z] [0] [Auth] Payload extracted: {
[2026-02-24T14:11:38.149Z] [0]   openId: 'email_5fe6cfb174127c7bfd7e612ace865d43',
[2026-02-24T14:11:38.149Z] [0]   appId: 'VQL5eys5uVx6Y3Mq382g4p',
[2026-02-24T14:11:38.149Z] [0]   name: ''
[2026-02-24T14:11:38.150Z] [0] }
